[13:30:34] [main/INFO] (FabricLoader/GameProvider) Loading Minecraft 1.19.3 with Fabric Loader 0.14.11
[13:30:34] [main/DEBUG] (FabricLoader/GamePatch) Found game constructor: net.minecraft.client.main.Main -> net.minecraft.client.MinecraftClient
[13:30:34] [main/DEBUG] (FabricLoader/GamePatch) Patching game constructor <init>(Lnet/minecraft/client/RunArgs;)V
[13:30:34] [main/DEBUG] (FabricLoader/GamePatch) Run directory field is thought to be net/minecraft/client/MinecraftClient/runDirectory
[13:30:34] [main/DEBUG] (FabricLoader/GamePatch) Applying brand name hook to net/minecraft/client/ClientBrandRetriever::getClientModName
[13:30:34] [main/DEBUG] (FabricLoader/GamePatch) Applying brand name hook to net/minecraft/server/MinecraftServer::getServerModName
[13:30:34] [main/DEBUG] (FabricLoader/GamePatch) Patched 3 classs
[13:30:34] [ForkJoinPool-1-worker-1/WARN] (FabricLoader/Metadata) Mod modid uses the version ${version} which isn't compatible with Loader's extended semantic version format (Could not parse version number component '${version}'!), SemVer is recommended for reliably evaluating dependencies and prioritizing newer version
[13:30:34] [main/DEBUG] (FabricLoader/Discovery) Mod discovery time: 85.3 ms
[13:30:34] [main/DEBUG] (FabricLoader/Resolution) Mod resolution time: 73.2 ms
[13:30:34] [main/INFO] (FabricLoader) Loading 45 mods:
	- fabric-api 0.68.1+1.19.3
	- fabric-api-base 0.4.19+8d1895cf72
	- fabric-api-lookup-api-v1 1.6.18+49abcf7e72
	- fabric-biome-api-v1 12.0.0+689f5e7172
	- fabric-block-api-v1 1.0.3+12bfe4ea72
	- fabric-blockrenderlayer-v1 1.1.28+c6af733c72
	- fabric-client-tags-api-v1 1.0.9+49abcf7e72
	- fabric-command-api-v2 2.1.15+49abcf7e72
	- fabric-content-registries-v0 3.4.11+49abcf7e72
	- fabric-convention-tags-v1 1.1.9+2894d6df72
	- fabric-crash-report-info-v1 0.2.12+aeb40ebe72
	- fabric-data-generation-api-v1 11.0.1+65e415cb72
	- fabric-dimensions-v1 2.1.39+48349a3f72
	- fabric-entity-events-v1 1.5.5+b83334a072
	- fabric-events-interaction-v0 0.4.37+422b77fb72
	- fabric-game-rule-api-v1 1.0.28+2894d6df72
	- fabric-gametest-api-v1 1.1.13+12a01b0672
	- fabric-item-api-v1 2.1.4+fa25da9972
	- fabric-item-group-api-v1 2.1.6+b7096da872
	- fabric-key-binding-api-v1 1.0.28+aaaf9d3372
	- fabric-lifecycle-events-v1 2.2.8+2894d6df72
	- fabric-loot-api-v2 1.1.17+75e9821172
	- fabric-message-api-v1 5.0.12+6ede1da972
	- fabric-mining-level-api-v1 2.1.28+49abcf7e72
	- fabric-models-v0 0.3.25+11ba9c3b72
	- fabric-networking-api-v1 1.2.14+d9ac3c3972
	- fabric-object-builder-api-v1 5.1.6+49abcf7e72
	- fabric-particles-v1 1.0.18+fbde993d72
	- fabric-registry-sync-v0 2.0.1+2608564672
	- fabric-renderer-api-v1 2.1.0+2063beff72
	- fabric-renderer-indigo 0.6.23+11ba9c3b72
	- fabric-rendering-data-attachment-v1 0.3.23+48349a3f72
	- fabric-rendering-fluids-v1 3.0.16+3067f46372
	- fabric-rendering-v1 1.11.7+49abcf7e72
	- fabric-resource-conditions-api-v1 2.2.0+280be3ab72
	- fabric-resource-loader-v0 0.10.2+f6c919d672
	- fabric-screen-api-v1 1.0.38+8c84281072
	- fabric-screen-handler-api-v1 1.3.10+689f5e7172
	- fabric-sound-api-v1 1.0.6+75e9821172
	- fabric-transfer-api-v1 2.1.11+28ac448f72
	- fabric-transitive-access-wideners-v1 2.1.0+0efcd39b72
	- fabricloader 0.14.11
	- java 17
	- minecraft 1.19.3
	- modid ${version}
[13:30:34] [main/DEBUG] (FabricLoader/Knot) Adding /Users/agoghparvate/Desktop/Infernal War/.gradle/loom-cache/remapped_mods/net_fabricmc_yarn_1_19_3_1_19_3_build_1_v2/net/fabricmc/fabric-api/fabric-screen-api-v1/1.0.38+8c84281072/fabric-screen-api-v1-1.0.38+8c84281072.jar to classpath.
[13:30:34] [main/DEBUG] (FabricLoader/Knot) Adding /Users/agoghparvate/Desktop/Infernal War/.gradle/loom-cache/remapped_mods/net_fabricmc_yarn_1_19_3_1_19_3_build_1_v2/net/fabricmc/fabric-api/fabric-sound-api-v1/1.0.6+75e9821172/fabric-sound-api-v1-1.0.6+75e9821172.jar to classpath.
[13:30:34] [main/DEBUG] (FabricLoader/Knot) Adding /Users/agoghparvate/Desktop/Infernal War/.gradle/loom-cache/remapped_mods/net_fabricmc_yarn_1_19_3_1_19_3_build_1_v2/net/fabricmc/fabric-api/fabric-block-api-v1/1.0.3+12bfe4ea72/fabric-block-api-v1-1.0.3+12bfe4ea72.jar to classpath.
[13:30:34] [main/DEBUG] (FabricLoader/Knot) Adding /Users/agoghparvate/Desktop/Infernal War/.gradle/loom-cache/remapped_mods/net_fabricmc_yarn_1_19_3_1_19_3_build_1_v2/net/fabricmc/fabric-api/fabric-transfer-api-v1/2.1.11+28ac448f72/fabric-transfer-api-v1-2.1.11+28ac448f72.jar to classpath.
[13:30:34] [main/DEBUG] (FabricLoader/Knot) Adding /Users/agoghparvate/Desktop/Infernal War/.gradle/loom-cache/remapped_mods/net_fabricmc_yarn_1_19_3_1_19_3_build_1_v2/net/fabricmc/fabric-api/fabric-rendering-fluids-v1/3.0.16+3067f46372/fabric-rendering-fluids-v1-3.0.16+3067f46372.jar to classpath.
[13:30:34] [main/DEBUG] (FabricLoader/Knot) Adding /Users/agoghparvate/Desktop/Infernal War/.gradle/loom-cache/remapped_mods/net_fabricmc_yarn_1_19_3_1_19_3_build_1_v2/net/fabricmc/fabric-api/fabric-biome-api-v1/12.0.0+689f5e7172/fabric-biome-api-v1-12.0.0+689f5e7172.jar to classpath.
[13:30:34] [main/DEBUG] (FabricLoader/Knot) Adding /Users/agoghparvate/Desktop/Infernal War/.gradle/loom-cache/remapped_mods/net_fabricmc_yarn_1_19_3_1_19_3_build_1_v2/net/fabricmc/fabric-api/fabric-item-group-api-v1/2.1.6+b7096da872/fabric-item-group-api-v1-2.1.6+b7096da872.jar to classpath.
[13:30:34] [main/DEBUG] (FabricLoader/Knot) Adding /Users/agoghparvate/Desktop/Infernal War/bin/main to classpath.
[13:30:34] [main/DEBUG] (FabricLoader/Knot) Adding /Users/agoghparvate/Desktop/Infernal War/.gradle/loom-cache/remapped_mods/net_fabricmc_yarn_1_19_3_1_19_3_build_1_v2/net/fabricmc/fabric-api/fabric-message-api-v1/5.0.12+6ede1da972/fabric-message-api-v1-5.0.12+6ede1da972.jar to classpath.
[13:30:34] [main/DEBUG] (FabricLoader/Knot) Adding /Users/agoghparvate/Desktop/Infernal War/.gradle/loom-cache/remapped_mods/net_fabricmc_yarn_1_19_3_1_19_3_build_1_v2/net/fabricmc/fabric-api/fabric-screen-handler-api-v1/1.3.10+689f5e7172/fabric-screen-handler-api-v1-1.3.10+689f5e7172.jar to classpath.
[13:30:34] [main/DEBUG] (FabricLoader/Knot) Adding /Users/agoghparvate/Desktop/Infernal War/.gradle/loom-cache/remapped_mods/net_fabricmc_yarn_1_19_3_1_19_3_build_1_v2/net/fabricmc/fabric-api/fabric-api-base/0.4.19+8d1895cf72/fabric-api-base-0.4.19+8d1895cf72.jar to classpath.
[13:30:34] [main/DEBUG] (FabricLoader/Knot) Adding /Users/agoghparvate/Desktop/Infernal War/.gradle/loom-cache/remapped_mods/net_fabricmc_yarn_1_19_3_1_19_3_build_1_v2/net/fabricmc/fabric-api/fabric-lifecycle-events-v1/2.2.8+2894d6df72/fabric-lifecycle-events-v1-2.2.8+2894d6df72.jar to classpath.
[13:30:34] [main/DEBUG] (FabricLoader/Knot) Adding /Users/agoghparvate/Desktop/Infernal War/.gradle/loom-cache/remapped_mods/net_fabricmc_yarn_1_19_3_1_19_3_build_1_v2/net/fabricmc/fabric-api/fabric-dimensions-v1/2.1.39+48349a3f72/fabric-dimensions-v1-2.1.39+48349a3f72.jar to classpath.
[13:30:34] [main/DEBUG] (FabricLoader/Knot) Adding /Users/agoghparvate/Desktop/Infernal War/.gradle/loom-cache/remapped_mods/net_fabricmc_yarn_1_19_3_1_19_3_build_1_v2/net/fabricmc/fabric-api/fabric-convention-tags-v1/1.1.9+2894d6df72/fabric-convention-tags-v1-1.1.9+2894d6df72.jar to classpath.
[13:30:34] [main/DEBUG] (FabricLoader/Knot) Adding /Users/agoghparvate/Desktop/Infernal War/.gradle/loom-cache/remapped_mods/net_fabricmc_yarn_1_19_3_1_19_3_build_1_v2/net/fabricmc/fabric-api/fabric-data-generation-api-v1/11.0.1+65e415cb72/fabric-data-generation-api-v1-11.0.1+65e415cb72.jar to classpath.
[13:30:34] [main/DEBUG] (FabricLoader/Knot) Adding /Users/agoghparvate/Desktop/Infernal War/.gradle/loom-cache/remapped_mods/net_fabricmc_yarn_1_19_3_1_19_3_build_1_v2/net/fabricmc/fabric-api/fabric-rendering-data-attachment-v1/0.3.23+48349a3f72/fabric-rendering-data-attachment-v1-0.3.23+48349a3f72.jar to classpath.
[13:30:34] [main/DEBUG] (FabricLoader/Knot) Adding /Users/agoghparvate/Desktop/Infernal War/.gradle/loom-cache/remapped_mods/net_fabricmc_yarn_1_19_3_1_19_3_build_1_v2/net/fabricmc/fabric-api/fabric-command-api-v2/2.1.15+49abcf7e72/fabric-command-api-v2-2.1.15+49abcf7e72.jar to classpath.
[13:30:34] [main/DEBUG] (FabricLoader/Knot) Adding /Users/agoghparvate/Desktop/Infernal War/.gradle/loom-cache/remapped_mods/net_fabricmc_yarn_1_19_3_1_19_3_build_1_v2/net/fabricmc/fabric-api/fabric-api/0.68.1+1.19.3/fabric-api-0.68.1+1.19.3.jar to classpath.
[13:30:34] [main/DEBUG] (FabricLoader/Knot) Adding /Users/agoghparvate/Desktop/Infernal War/.gradle/loom-cache/remapped_mods/net_fabricmc_yarn_1_19_3_1_19_3_build_1_v2/net/fabricmc/fabric-api/fabric-entity-events-v1/1.5.5+b83334a072/fabric-entity-events-v1-1.5.5+b83334a072.jar to classpath.
[13:30:34] [main/DEBUG] (FabricLoader/Knot) Adding /Users/agoghparvate/Desktop/Infernal War/.gradle/loom-cache/remapped_mods/net_fabricmc_yarn_1_19_3_1_19_3_build_1_v2/net/fabricmc/fabric-api/fabric-events-interaction-v0/0.4.37+422b77fb72/fabric-events-interaction-v0-0.4.37+422b77fb72.jar to classpath.
[13:30:34] [main/DEBUG] (FabricLoader/Knot) Adding /Users/agoghparvate/Desktop/Infernal War/.gradle/loom-cache/remapped_mods/net_fabricmc_yarn_1_19_3_1_19_3_build_1_v2/net/fabricmc/fabric-api/fabric-item-api-v1/2.1.4+fa25da9972/fabric-item-api-v1-2.1.4+fa25da9972.jar to classpath.
[13:30:34] [main/DEBUG] (FabricLoader/Knot) Adding /Users/agoghparvate/Desktop/Infernal War/.gradle/loom-cache/remapped_mods/net_fabricmc_yarn_1_19_3_1_19_3_build_1_v2/net/fabricmc/fabric-api/fabric-crash-report-info-v1/0.2.12+aeb40ebe72/fabric-crash-report-info-v1-0.2.12+aeb40ebe72.jar to classpath.
[13:30:34] [main/DEBUG] (FabricLoader/Knot) Adding /Users/agoghparvate/Desktop/Infernal War/.gradle/loom-cache/remapped_mods/net_fabricmc_yarn_1_19_3_1_19_3_build_1_v2/net/fabricmc/fabric-api/fabric-content-registries-v0/3.4.11+49abcf7e72/fabric-content-registries-v0-3.4.11+49abcf7e72.jar to classpath.
[13:30:34] [main/DEBUG] (FabricLoader/Knot) Adding /Users/agoghparvate/Desktop/Infernal War/.gradle/loom-cache/remapped_mods/net_fabricmc_yarn_1_19_3_1_19_3_build_1_v2/net/fabricmc/fabric-api/fabric-key-binding-api-v1/1.0.28+aaaf9d3372/fabric-key-binding-api-v1-1.0.28+aaaf9d3372.jar to classpath.
[13:30:34] [main/DEBUG] (FabricLoader/Knot) Adding /Users/agoghparvate/Desktop/Infernal War/.gradle/loom-cache/remapped_mods/net_fabricmc_yarn_1_19_3_1_19_3_build_1_v2/net/fabricmc/fabric-api/fabric-registry-sync-v0/2.0.1+2608564672/fabric-registry-sync-v0-2.0.1+2608564672.jar to classpath.
[13:30:34] [main/DEBUG] (FabricLoader/Knot) Adding /Users/agoghparvate/Desktop/Infernal War/.gradle/loom-cache/remapped_mods/net_fabricmc_yarn_1_19_3_1_19_3_build_1_v2/net/fabricmc/fabric-api/fabric-game-rule-api-v1/1.0.28+2894d6df72/fabric-game-rule-api-v1-1.0.28+2894d6df72.jar to classpath.
[13:30:34] [main/DEBUG] (FabricLoader/Knot) Adding /Users/agoghparvate/Desktop/Infernal War/.gradle/loom-cache/remapped_mods/net_fabricmc_yarn_1_19_3_1_19_3_build_1_v2/net/fabricmc/fabric-api/fabric-api-lookup-api-v1/1.6.18+49abcf7e72/fabric-api-lookup-api-v1-1.6.18+49abcf7e72.jar to classpath.
[13:30:34] [main/DEBUG] (FabricLoader/Knot) Adding /Users/agoghparvate/Desktop/Infernal War/.gradle/loom-cache/remapped_mods/net_fabricmc_yarn_1_19_3_1_19_3_build_1_v2/net/fabricmc/fabric-api/fabric-models-v0/0.3.25+11ba9c3b72/fabric-models-v0-0.3.25+11ba9c3b72.jar to classpath.
[13:30:34] [main/DEBUG] (FabricLoader/Knot) Adding /Users/agoghparvate/Desktop/Infernal War/.gradle/loom-cache/remapped_mods/net_fabricmc_yarn_1_19_3_1_19_3_build_1_v2/net/fabricmc/fabric-api/fabric-renderer-api-v1/2.1.0+2063beff72/fabric-renderer-api-v1-2.1.0+2063beff72.jar to classpath.
[13:30:34] [main/DEBUG] (FabricLoader/Knot) Adding /Users/agoghparvate/Desktop/Infernal War/.gradle/loom-cache/remapped_mods/net_fabricmc_yarn_1_19_3_1_19_3_build_1_v2/net/fabricmc/fabric-api/fabric-resource-loader-v0/0.10.2+f6c919d672/fabric-resource-loader-v0-0.10.2+f6c919d672.jar to classpath.
[13:30:34] [main/DEBUG] (FabricLoader/Knot) Adding /Users/agoghparvate/Desktop/Infernal War/.gradle/loom-cache/remapped_mods/net_fabricmc_yarn_1_19_3_1_19_3_build_1_v2/net/fabricmc/fabric-api/fabric-gametest-api-v1/1.1.13+12a01b0672/fabric-gametest-api-v1-1.1.13+12a01b0672.jar to classpath.
[13:30:34] [main/DEBUG] (FabricLoader/Knot) Adding /Users/agoghparvate/Desktop/Infernal War/.gradle/loom-cache/remapped_mods/net_fabricmc_yarn_1_19_3_1_19_3_build_1_v2/net/fabricmc/fabric-api/fabric-loot-api-v2/1.1.17+75e9821172/fabric-loot-api-v2-1.1.17+75e9821172.jar to classpath.
[13:30:34] [main/DEBUG] (FabricLoader/Knot) Adding /Users/agoghparvate/Desktop/Infernal War/.gradle/loom-cache/remapped_mods/net_fabricmc_yarn_1_19_3_1_19_3_build_1_v2/net/fabricmc/fabric-api/fabric-networking-api-v1/1.2.14+d9ac3c3972/fabric-networking-api-v1-1.2.14+d9ac3c3972.jar to classpath.
[13:30:34] [main/DEBUG] (FabricLoader/Knot) Adding /Users/agoghparvate/Desktop/Infernal War/.gradle/loom-cache/remapped_mods/net_fabricmc_yarn_1_19_3_1_19_3_build_1_v2/net/fabricmc/fabric-api/fabric-blockrenderlayer-v1/1.1.28+c6af733c72/fabric-blockrenderlayer-v1-1.1.28+c6af733c72.jar to classpath.
[13:30:34] [main/DEBUG] (FabricLoader/Knot) Adding /Users/agoghparvate/Desktop/Infernal War/.gradle/loom-cache/remapped_mods/net_fabricmc_yarn_1_19_3_1_19_3_build_1_v2/net/fabricmc/fabric-api/fabric-object-builder-api-v1/5.1.6+49abcf7e72/fabric-object-builder-api-v1-5.1.6+49abcf7e72.jar to classpath.
[13:30:34] [main/DEBUG] (FabricLoader/Knot) Adding /Users/agoghparvate/Desktop/Infernal War/.gradle/loom-cache/remapped_mods/net_fabricmc_yarn_1_19_3_1_19_3_build_1_v2/net/fabricmc/fabric-api/fabric-particles-v1/1.0.18+fbde993d72/fabric-particles-v1-1.0.18+fbde993d72.jar to classpath.
[13:30:34] [main/DEBUG] (FabricLoader/Knot) Adding /Users/agoghparvate/Desktop/Infernal War/.gradle/loom-cache/remapped_mods/net_fabricmc_yarn_1_19_3_1_19_3_build_1_v2/net/fabricmc/fabric-api/fabric-transitive-access-wideners-v1/2.1.0+0efcd39b72/fabric-transitive-access-wideners-v1-2.1.0+0efcd39b72.jar to classpath.
[13:30:34] [main/DEBUG] (FabricLoader/Knot) Adding /Users/agoghparvate/Desktop/Infernal War/.gradle/loom-cache/remapped_mods/net_fabricmc_yarn_1_19_3_1_19_3_build_1_v2/net/fabricmc/fabric-api/fabric-resource-conditions-api-v1/2.2.0+280be3ab72/fabric-resource-conditions-api-v1-2.2.0+280be3ab72.jar to classpath.
[13:30:34] [main/DEBUG] (FabricLoader/Knot) Adding /Users/agoghparvate/Desktop/Infernal War/.gradle/loom-cache/remapped_mods/net_fabricmc_yarn_1_19_3_1_19_3_build_1_v2/net/fabricmc/fabric-api/fabric-rendering-v1/1.11.7+49abcf7e72/fabric-rendering-v1-1.11.7+49abcf7e72.jar to classpath.
[13:30:34] [main/DEBUG] (FabricLoader/Knot) Adding /Users/agoghparvate/Desktop/Infernal War/.gradle/loom-cache/remapped_mods/net_fabricmc_yarn_1_19_3_1_19_3_build_1_v2/net/fabricmc/fabric-api/fabric-renderer-indigo/0.6.23+11ba9c3b72/fabric-renderer-indigo-0.6.23+11ba9c3b72.jar to classpath.
[13:30:34] [main/DEBUG] (FabricLoader/Knot) Adding /Users/agoghparvate/Desktop/Infernal War/.gradle/loom-cache/remapped_mods/net_fabricmc_yarn_1_19_3_1_19_3_build_1_v2/net/fabricmc/fabric-api/fabric-mining-level-api-v1/2.1.28+49abcf7e72/fabric-mining-level-api-v1-2.1.28+49abcf7e72.jar to classpath.
[13:30:34] [main/DEBUG] (FabricLoader/Knot) Adding /Users/agoghparvate/Desktop/Infernal War/.gradle/loom-cache/remapped_mods/net_fabricmc_yarn_1_19_3_1_19_3_build_1_v2/net/fabricmc/fabric-api/fabric-client-tags-api-v1/1.0.9+49abcf7e72/fabric-client-tags-api-v1-1.0.9+49abcf7e72.jar to classpath.
[13:30:34] [main/DEBUG] (FabricLoader/Entrypoint) Registering new-style initializer net.fabricmc.example.InfernalWar for mod modid (key main)
[13:30:34] [main/DEBUG] (FabricLoader/Entrypoint) Registering new-style initializer net.fabricmc.fabric.impl.screenhandler.client.ClientNetworking for mod fabric-screen-handler-api-v1 (key client)
[13:30:34] [main/DEBUG] (FabricLoader/Entrypoint) Registering new-style initializer net.fabricmc.fabric.impl.client.event.lifecycle.ClientLifecycleEventsImpl for mod fabric-lifecycle-events-v1 (key client)
[13:30:34] [main/DEBUG] (FabricLoader/Entrypoint) Registering new-style initializer net.fabricmc.fabric.impl.event.lifecycle.LifecycleEventsImpl for mod fabric-lifecycle-events-v1 (key main)
[13:30:34] [main/DEBUG] (FabricLoader/Entrypoint) Registering new-style initializer net.fabricmc.fabric.impl.event.interaction.InteractionEventsRouterClient for mod fabric-events-interaction-v0 (key client)
[13:30:34] [main/DEBUG] (FabricLoader/Entrypoint) Registering new-style initializer net.fabricmc.fabric.impl.event.interaction.InteractionEventsRouter for mod fabric-events-interaction-v0 (key main)
[13:30:34] [main/DEBUG] (FabricLoader/Entrypoint) Registering new-style initializer net.fabricmc.fabric.impl.client.registry.sync.FabricRegistryClientInit for mod fabric-registry-sync-v0 (key client)
[13:30:34] [main/DEBUG] (FabricLoader/Entrypoint) Registering new-style initializer net.fabricmc.fabric.impl.registry.sync.FabricRegistryInit for mod fabric-registry-sync-v0 (key main)
[13:30:34] [main/DEBUG] (FabricLoader/Entrypoint) Registering new-style initializer net.fabricmc.fabric.impl.lookup.ApiLookupImpl for mod fabric-api-lookup-api-v1 (key main)
[13:30:34] [main/DEBUG] (FabricLoader/Entrypoint) Registering new-style initializer net.fabricmc.fabric.impl.gametest.FabricGameTestModInitializer for mod fabric-gametest-api-v1 (key main)
[13:30:34] [main/DEBUG] (FabricLoader/Entrypoint) Registering new-style initializer net.fabricmc.fabric.impl.networking.client.ClientNetworkingImpl::clientInit for mod fabric-networking-api-v1 (key client)
[13:30:34] [main/DEBUG] (FabricLoader/Entrypoint) Registering new-style initializer net.fabricmc.fabric.impl.networking.NetworkingImpl::init for mod fabric-networking-api-v1 (key main)
[13:30:34] [main/DEBUG] (FabricLoader/Entrypoint) Registering new-style initializer net.fabricmc.fabric.impl.client.indigo.Indigo for mod fabric-renderer-indigo (key client)
[13:30:35] [main/DEBUG] (FabricLoader/Mappings) Loading mappings took 233 ms
[13:30:35] [main/INFO] (FabricLoader/Mixin) SpongePowered MIXIN Subsystem Version=0.8.5 Source=file:/Users/agoghparvate/.gradle/caches/modules-2/files-2.1/net.fabricmc/sponge-mixin/0.11.4+mixin.0.8.5/c1dc27696aa4006e492c2485c9ccbcb26045a971/sponge-mixin-0.11.4+mixin.0.8.5.jar Service=Knot/Fabric Env=CLIENT
[13:30:35] [main/DEBUG] (FabricLoader/Mixin) Error cleaning class output directory: .mixin.out
[13:30:35] [main/DEBUG] (FabricLoader/Mixin) Initialising Mixin Platform Manager
[13:30:35] [main/DEBUG] (FabricLoader/Mixin) Adding mixin platform agents for container ContainerHandleURI(file:///Users/agoghparvate/Desktop/Infernal%20War/.gradle/loom-cache/remapped_mods/net_fabricmc_yarn_1_19_3_1_19_3_build_1_v2/net/fabricmc/fabric-loader/0.14.11/fabric-loader-0.14.11.jar)
[13:30:35] [main/DEBUG] (FabricLoader/Mixin) Instancing new MixinPlatformAgentDefault for ContainerHandleURI(file:///Users/agoghparvate/Desktop/Infernal%20War/.gradle/loom-cache/remapped_mods/net_fabricmc_yarn_1_19_3_1_19_3_build_1_v2/net/fabricmc/fabric-loader/0.14.11/fabric-loader-0.14.11.jar)
[13:30:35] [main/DEBUG] (FabricLoader/Mixin) MixinPlatformAgentDefault accepted container ContainerHandleURI(file:///Users/agoghparvate/Desktop/Infernal%20War/.gradle/loom-cache/remapped_mods/net_fabricmc_yarn_1_19_3_1_19_3_build_1_v2/net/fabricmc/fabric-loader/0.14.11/fabric-loader-0.14.11.jar)
[13:30:35] [main/DEBUG] (FabricLoader/Mixin) Instancing new MixinPlatformAgentDefault for ContainerHandleURI(file:///Users/agoghparvate/Desktop/Infernal%20War/.gradle/loom-cache/remapped_mods/net_fabricmc_yarn_1_19_3_1_19_3_build_1_v2/net/fabricmc/fabric-loader/0.14.11/fabric-loader-0.14.11.jar)
[13:30:35] [main/DEBUG] (FabricLoader/Mixin) MixinPlatformAgentDefault accepted container ContainerHandleURI(file:///Users/agoghparvate/Desktop/Infernal%20War/.gradle/loom-cache/remapped_mods/net_fabricmc_yarn_1_19_3_1_19_3_build_1_v2/net/fabricmc/fabric-loader/0.14.11/fabric-loader-0.14.11.jar)
[13:30:35] [main/DEBUG] (FabricLoader/Mixin) Processing prepare() for PlatformAgent[MixinPlatformAgentDefault:ContainerHandleURI(file:///Users/agoghparvate/Desktop/Infernal%20War/.gradle/loom-cache/remapped_mods/net_fabricmc_yarn_1_19_3_1_19_3_build_1_v2/net/fabricmc/fabric-loader/0.14.11/fabric-loader-0.14.11.jar)]
[13:30:35] [main/DEBUG] (FabricLoader/Mixin) Processing prepare() for PlatformAgent[MixinPlatformAgentDefault:ContainerHandleURI(file:///Users/agoghparvate/Desktop/Infernal%20War/.gradle/loom-cache/remapped_mods/net_fabricmc_yarn_1_19_3_1_19_3_build_1_v2/net/fabricmc/fabric-loader/0.14.11/fabric-loader-0.14.11.jar)]
[13:30:35] [main/INFO] (FabricLoader/Mixin) Loaded Fabric development mappings for mixin remapper!
[13:30:35] [main/DEBUG] (FabricLoader/Mixin) Compatibility level JAVA_16 specified by fabric-screen-api-v1.mixins.json is higher than the maximum level supported by this version of mixin (JAVA_13).
[13:30:35] [main/INFO] (FabricLoader/Mixin) Compatibility level set to JAVA_16
[13:30:35] [main/DEBUG] (FabricLoader/Mixin) Mixin config fabric-screen-api-v1.mixins.json does not specify "minVersion" property
[13:30:35] [main/DEBUG] (FabricLoader/Mixin) Compatibility level JAVA_17 specified by fabric-sound-api-v1.mixins.json is higher than the maximum level supported by this version of mixin (JAVA_13).
[13:30:35] [main/INFO] (FabricLoader/Mixin) Compatibility level set to JAVA_17
[13:30:35] [main/DEBUG] (FabricLoader/Mixin) Mixin config fabric-sound-api-v1.mixins.json does not specify "minVersion" property
[13:30:35] [main/DEBUG] (FabricLoader/Mixin) Mixin config fabric-block-api-v1.mixins.json does not specify "minVersion" property
[13:30:35] [main/DEBUG] (FabricLoader/Mixin) Compatibility level JAVA_16 specified by fabric-transfer-api-v1.mixins.json is higher than the maximum level supported by this version of mixin (JAVA_13).
[13:30:35] [main/DEBUG] (FabricLoader/Mixin) Mixin config fabric-transfer-api-v1.mixins.json does not specify "minVersion" property
[13:30:35] [main/DEBUG] (FabricLoader/Mixin) Compatibility level JAVA_16 specified by fabric-rendering-fluids-v1.mixins.json is higher than the maximum level supported by this version of mixin (JAVA_13).
[13:30:35] [main/DEBUG] (FabricLoader/Mixin) Mixin config fabric-rendering-fluids-v1.mixins.json does not specify "minVersion" property
[13:30:35] [main/DEBUG] (FabricLoader/Mixin) Compatibility level JAVA_16 specified by fabric-biome-api-v1.mixins.json is higher than the maximum level supported by this version of mixin (JAVA_13).
[13:30:35] [main/DEBUG] (FabricLoader/Mixin) Mixin config fabric-biome-api-v1.mixins.json does not specify "minVersion" property
[13:30:35] [main/DEBUG] (FabricLoader/Mixin) Mixin config fabric-item-group-api-v1.mixins.json does not specify "minVersion" property
[13:30:35] [main/DEBUG] (FabricLoader/Mixin) Mixin config fabric-item-group-api-v1.client.mixins.json does not specify "minVersion" property
[13:30:35] [main/DEBUG] (FabricLoader/Mixin) Compatibility level JAVA_16 specified by fabric-message-api-v1.mixins.json is higher than the maximum level supported by this version of mixin (JAVA_13).
[13:30:35] [main/DEBUG] (FabricLoader/Mixin) Mixin config fabric-message-api-v1.mixins.json does not specify "minVersion" property
[13:30:35] [main/DEBUG] (FabricLoader/Mixin) Compatibility level JAVA_16 specified by fabric-screen-handler-api-v1.mixins.json is higher than the maximum level supported by this version of mixin (JAVA_13).
[13:30:35] [main/DEBUG] (FabricLoader/Mixin) Mixin config fabric-screen-handler-api-v1.mixins.json does not specify "minVersion" property
[13:30:35] [main/DEBUG] (FabricLoader/Mixin) Compatibility level JAVA_16 specified by fabric-lifecycle-events-v1.mixins.json is higher than the maximum level supported by this version of mixin (JAVA_13).
[13:30:35] [main/DEBUG] (FabricLoader/Mixin) Mixin config fabric-lifecycle-events-v1.mixins.json does not specify "minVersion" property
[13:30:35] [main/DEBUG] (FabricLoader/Mixin) Compatibility level JAVA_16 specified by fabric-lifecycle-events-v1.client.mixins.json is higher than the maximum level supported by this version of mixin (JAVA_13).
[13:30:35] [main/DEBUG] (FabricLoader/Mixin) Mixin config fabric-lifecycle-events-v1.client.mixins.json does not specify "minVersion" property
[13:30:35] [main/DEBUG] (FabricLoader/Mixin) Compatibility level JAVA_16 specified by fabric-dimensions-v1.mixins.json is higher than the maximum level supported by this version of mixin (JAVA_13).
[13:30:35] [main/DEBUG] (FabricLoader/Mixin) Mixin config fabric-dimensions-v1.mixins.json does not specify "minVersion" property
[13:30:35] [main/DEBUG] (FabricLoader/Mixin) Compatibility level JAVA_16 specified by fabric-data-generation-api-v1.mixins.json is higher than the maximum level supported by this version of mixin (JAVA_13).
[13:30:35] [main/DEBUG] (FabricLoader/Mixin) Mixin config fabric-data-generation-api-v1.mixins.json does not specify "minVersion" property
[13:30:35] [main/DEBUG] (FabricLoader/Mixin) Compatibility level JAVA_16 specified by fabric-data-generation-api-v1.client.mixins.json is higher than the maximum level supported by this version of mixin (JAVA_13).
[13:30:35] [main/DEBUG] (FabricLoader/Mixin) Mixin config fabric-data-generation-api-v1.client.mixins.json does not specify "minVersion" property
[13:30:35] [main/DEBUG] (FabricLoader/Mixin) Compatibility level JAVA_16 specified by fabric-rendering-data-attachment-v1.mixins.json is higher than the maximum level supported by this version of mixin (JAVA_13).
[13:30:35] [main/DEBUG] (FabricLoader/Mixin) Mixin config fabric-rendering-data-attachment-v1.mixins.json does not specify "minVersion" property
[13:30:35] [main/DEBUG] (FabricLoader/Mixin) Compatibility level JAVA_16 specified by fabric-rendering-data-attachment-v1.client.mixins.json is higher than the maximum level supported by this version of mixin (JAVA_13).
[13:30:35] [main/DEBUG] (FabricLoader/Mixin) Mixin config fabric-rendering-data-attachment-v1.client.mixins.json does not specify "minVersion" property
[13:30:35] [main/DEBUG] (FabricLoader/Mixin) Compatibility level JAVA_16 specified by fabric-command-api-v2.mixins.json is higher than the maximum level supported by this version of mixin (JAVA_13).
[13:30:35] [main/DEBUG] (FabricLoader/Mixin) Mixin config fabric-command-api-v2.mixins.json does not specify "minVersion" property
[13:30:35] [main/DEBUG] (FabricLoader/Mixin) Compatibility level JAVA_16 specified by fabric-command-api-v2.client.mixins.json is higher than the maximum level supported by this version of mixin (JAVA_13).
[13:30:35] [main/DEBUG] (FabricLoader/Mixin) Mixin config fabric-command-api-v2.client.mixins.json does not specify "minVersion" property
[13:30:35] [main/DEBUG] (FabricLoader/Mixin) Compatibility level JAVA_16 specified by fabric-entity-events-v1.mixins.json is higher than the maximum level supported by this version of mixin (JAVA_13).
[13:30:35] [main/DEBUG] (FabricLoader/Mixin) Mixin config fabric-entity-events-v1.mixins.json does not specify "minVersion" property
[13:30:35] [main/DEBUG] (FabricLoader/Mixin) Compatibility level JAVA_16 specified by fabric-entity-events-v1.client.mixins.json is higher than the maximum level supported by this version of mixin (JAVA_13).
[13:30:35] [main/DEBUG] (FabricLoader/Mixin) Mixin config fabric-entity-events-v1.client.mixins.json does not specify "minVersion" property
[13:30:35] [main/DEBUG] (FabricLoader/Mixin) Compatibility level JAVA_16 specified by fabric-events-interaction-v0.mixins.json is higher than the maximum level supported by this version of mixin (JAVA_13).
[13:30:35] [main/DEBUG] (FabricLoader/Mixin) Mixin config fabric-events-interaction-v0.mixins.json does not specify "minVersion" property
[13:30:35] [main/DEBUG] (FabricLoader/Mixin) Compatibility level JAVA_16 specified by fabric-events-interaction-v0.client.mixins.json is higher than the maximum level supported by this version of mixin (JAVA_13).
[13:30:35] [main/DEBUG] (FabricLoader/Mixin) Mixin config fabric-events-interaction-v0.client.mixins.json does not specify "minVersion" property
[13:30:35] [main/DEBUG] (FabricLoader/Mixin) Compatibility level JAVA_16 specified by fabric-item-api-v1.mixins.json is higher than the maximum level supported by this version of mixin (JAVA_13).
[13:30:35] [main/DEBUG] (FabricLoader/Mixin) Mixin config fabric-item-api-v1.mixins.json does not specify "minVersion" property
[13:30:35] [main/DEBUG] (FabricLoader/Mixin) Compatibility level JAVA_16 specified by fabric-item-api-v1.client.mixins.json is higher than the maximum level supported by this version of mixin (JAVA_13).
[13:30:35] [main/DEBUG] (FabricLoader/Mixin) Mixin config fabric-item-api-v1.client.mixins.json does not specify "minVersion" property
[13:30:35] [main/DEBUG] (FabricLoader/Mixin) Compatibility level JAVA_16 specified by fabric-crash-report-info-v1.mixins.json is higher than the maximum level supported by this version of mixin (JAVA_13).
[13:30:35] [main/DEBUG] (FabricLoader/Mixin) Mixin config fabric-crash-report-info-v1.mixins.json does not specify "minVersion" property
[13:30:35] [main/DEBUG] (FabricLoader/Mixin) Compatibility level JAVA_16 specified by fabric-content-registries-v0.mixins.json is higher than the maximum level supported by this version of mixin (JAVA_13).
[13:30:35] [main/DEBUG] (FabricLoader/Mixin) Mixin config fabric-content-registries-v0.mixins.json does not specify "minVersion" property
[13:30:35] [main/DEBUG] (FabricLoader/Mixin) Compatibility level JAVA_16 specified by fabric-key-binding-api-v1.mixins.json is higher than the maximum level supported by this version of mixin (JAVA_13).
[13:30:35] [main/DEBUG] (FabricLoader/Mixin) Mixin config fabric-key-binding-api-v1.mixins.json does not specify "minVersion" property
[13:30:35] [main/DEBUG] (FabricLoader/Mixin) Compatibility level JAVA_16 specified by fabric-registry-sync-v0.mixins.json is higher than the maximum level supported by this version of mixin (JAVA_13).
[13:30:35] [main/DEBUG] (FabricLoader/Mixin) Mixin config fabric-registry-sync-v0.mixins.json does not specify "minVersion" property
[13:30:35] [main/DEBUG] (FabricLoader/Mixin) Compatibility level JAVA_16 specified by fabric-registry-sync-v0.client.mixins.json is higher than the maximum level supported by this version of mixin (JAVA_13).
[13:30:35] [main/DEBUG] (FabricLoader/Mixin) Mixin config fabric-registry-sync-v0.client.mixins.json does not specify "minVersion" property
[13:30:35] [main/DEBUG] (FabricLoader/Mixin) Compatibility level JAVA_16 specified by fabric-game-rule-api-v1.mixins.json is higher than the maximum level supported by this version of mixin (JAVA_13).
[13:30:35] [main/DEBUG] (FabricLoader/Mixin) Mixin config fabric-game-rule-api-v1.mixins.json does not specify "minVersion" property
[13:30:35] [main/DEBUG] (FabricLoader/Mixin) Compatibility level JAVA_16 specified by fabric-game-rule-api-v1.client.mixins.json is higher than the maximum level supported by this version of mixin (JAVA_13).
[13:30:35] [main/DEBUG] (FabricLoader/Mixin) Mixin config fabric-game-rule-api-v1.client.mixins.json does not specify "minVersion" property
[13:30:35] [main/DEBUG] (FabricLoader/Mixin) Compatibility level JAVA_16 specified by fabric-api-lookup-api-v1.mixins.json is higher than the maximum level supported by this version of mixin (JAVA_13).
[13:30:35] [main/DEBUG] (FabricLoader/Mixin) Mixin config fabric-api-lookup-api-v1.mixins.json does not specify "minVersion" property
[13:30:35] [main/DEBUG] (FabricLoader/Mixin) Compatibility level JAVA_16 specified by fabric-models-v0.mixins.json is higher than the maximum level supported by this version of mixin (JAVA_13).
[13:30:35] [main/DEBUG] (FabricLoader/Mixin) Mixin config fabric-models-v0.mixins.json does not specify "minVersion" property
[13:30:35] [main/DEBUG] (FabricLoader/Mixin) Compatibility level JAVA_16 specified by fabric-renderer-api-v1.mixins.json is higher than the maximum level supported by this version of mixin (JAVA_13).
[13:30:35] [main/DEBUG] (FabricLoader/Mixin) Mixin config fabric-renderer-api-v1.mixins.json does not specify "minVersion" property
[13:30:35] [main/DEBUG] (FabricLoader/Mixin) Compatibility level JAVA_16 specified by fabric-renderer-api-v1.debughud.mixins.json is higher than the maximum level supported by this version of mixin (JAVA_13).
[13:30:35] [main/DEBUG] (FabricLoader/Mixin) Mixin config fabric-renderer-api-v1.debughud.mixins.json does not specify "minVersion" property
[13:30:35] [main/DEBUG] (FabricLoader/Mixin) Compatibility level JAVA_16 specified by fabric-resource-loader-v0.mixins.json is higher than the maximum level supported by this version of mixin (JAVA_13).
[13:30:35] [main/DEBUG] (FabricLoader/Mixin) Mixin config fabric-resource-loader-v0.mixins.json does not specify "minVersion" property
[13:30:35] [main/DEBUG] (FabricLoader/Mixin) Compatibility level JAVA_16 specified by fabric-resource-loader-v0.client.mixins.json is higher than the maximum level supported by this version of mixin (JAVA_13).
[13:30:35] [main/DEBUG] (FabricLoader/Mixin) Mixin config fabric-resource-loader-v0.client.mixins.json does not specify "minVersion" property
[13:30:35] [main/DEBUG] (FabricLoader/Mixin) Compatibility level JAVA_16 specified by fabric-gametest-api-v1.mixins.json is higher than the maximum level supported by this version of mixin (JAVA_13).
[13:30:35] [main/DEBUG] (FabricLoader/Mixin) Mixin config fabric-gametest-api-v1.mixins.json does not specify "minVersion" property
[13:30:35] [main/DEBUG] (FabricLoader/Mixin) Mixin config fabric-loot-api-v2.mixins.json does not specify "minVersion" property
[13:30:35] [main/DEBUG] (FabricLoader/Mixin) Compatibility level JAVA_16 specified by fabric-networking-api-v1.mixins.json is higher than the maximum level supported by this version of mixin (JAVA_13).
[13:30:35] [main/DEBUG] (FabricLoader/Mixin) Mixin config fabric-networking-api-v1.mixins.json does not specify "minVersion" property
[13:30:35] [main/DEBUG] (FabricLoader/Mixin) Compatibility level JAVA_16 specified by fabric-networking-api-v1.client.mixins.json is higher than the maximum level supported by this version of mixin (JAVA_13).
[13:30:35] [main/DEBUG] (FabricLoader/Mixin) Mixin config fabric-networking-api-v1.client.mixins.json does not specify "minVersion" property
[13:30:35] [main/DEBUG] (FabricLoader/Mixin) Compatibility level JAVA_16 specified by fabric-blockrenderlayer-v1.mixins.json is higher than the maximum level supported by this version of mixin (JAVA_13).
[13:30:35] [main/DEBUG] (FabricLoader/Mixin) Mixin config fabric-blockrenderlayer-v1.mixins.json does not specify "minVersion" property
[13:30:35] [main/DEBUG] (FabricLoader/Mixin) Compatibility level JAVA_16 specified by fabric-object-builder-v1.mixins.json is higher than the maximum level supported by this version of mixin (JAVA_13).
[13:30:35] [main/DEBUG] (FabricLoader/Mixin) Mixin config fabric-object-builder-v1.mixins.json does not specify "minVersion" property
[13:30:35] [main/DEBUG] (FabricLoader/Mixin) Compatibility level JAVA_16 specified by fabric-object-builder-v1.client.mixins.json is higher than the maximum level supported by this version of mixin (JAVA_13).
[13:30:35] [main/DEBUG] (FabricLoader/Mixin) Mixin config fabric-object-builder-v1.client.mixins.json does not specify "minVersion" property
[13:30:35] [main/DEBUG] (FabricLoader/Mixin) Compatibility level JAVA_16 specified by fabric-particles-v1.client.mixins.json is higher than the maximum level supported by this version of mixin (JAVA_13).
[13:30:35] [main/DEBUG] (FabricLoader/Mixin) Mixin config fabric-particles-v1.client.mixins.json does not specify "minVersion" property
[13:30:35] [main/DEBUG] (FabricLoader/Mixin) Compatibility level JAVA_16 specified by fabric-resource-conditions-api-v1.mixins.json is higher than the maximum level supported by this version of mixin (JAVA_13).
[13:30:35] [main/DEBUG] (FabricLoader/Mixin) Mixin config fabric-resource-conditions-api-v1.mixins.json does not specify "minVersion" property
[13:30:35] [main/DEBUG] (FabricLoader/Mixin) Compatibility level JAVA_16 specified by fabric-rendering-v1.mixins.json is higher than the maximum level supported by this version of mixin (JAVA_13).
[13:30:35] [main/DEBUG] (FabricLoader/Mixin) Mixin config fabric-rendering-v1.mixins.json does not specify "minVersion" property
[13:30:35] [main/DEBUG] (FabricLoader/Mixin) Compatibility level JAVA_16 specified by fabric-renderer-indigo.mixins.json is higher than the maximum level supported by this version of mixin (JAVA_13).
[13:30:35] [main/DEBUG] (FabricLoader/Mixin) Mixin config fabric-renderer-indigo.mixins.json does not specify "minVersion" property
[13:30:35] [main/DEBUG] (FabricLoader/Mixin) Compatibility level JAVA_16 specified by fabric-mining-level-api-v1.mixins.json is higher than the maximum level supported by this version of mixin (JAVA_13).
[13:30:35] [main/DEBUG] (FabricLoader/Mixin) Mixin config fabric-mining-level-api-v1.mixins.json does not specify "minVersion" property
[13:30:35] [main/DEBUG] (FabricLoader/Knot) Adding /Users/agoghparvate/Desktop/Infernal War/.gradle/loom-cache/minecraftMaven/net/minecraft/minecraft-merged-project-root/1.19.3-net.fabricmc.yarn.1_19_3.1.19.3+build.1-v2/minecraft-merged-project-root-1.19.3-net.fabricmc.yarn.1_19_3.1.19.3+build.1-v2.jar to classpath.
[13:30:35] [main/DEBUG] (FabricLoader/Knot) Adding /Users/agoghparvate/Desktop/Infernal War/bin/main to classpath.
[13:30:35] [main/DEBUG] (FabricLoader/Knot) Adding /Users/agoghparvate/Desktop/Infernal War/bin/default to classpath.
[13:30:35] [main/DEBUG] (FabricLoader/Knot) Adding /Users/agoghparvate/.gradle/caches/modules-2/files-2.1/org.jetbrains/annotations/24.0.0/69b8b443c437fdeefa8d20c18d257b94836a92b9/annotations-24.0.0.jar to classpath.
[13:30:35] [main/DEBUG] (FabricLoader/Knot) Adding /Users/agoghparvate/.gradle/caches/modules-2/files-2.1/net.fabricmc/yarn/1.19.3+build.1/29d196d26563e185a9e8713516f9f2a08cf7591d/yarn-1.19.3+build.1-constants.jar to classpath.
[13:30:35] [main/DEBUG] (FabricLoader/Knot) Adding /Users/agoghparvate/.gradle/caches/modules-2/files-2.1/ca.weblite/java-objc-bridge/1.1/1227f9e0666314f9de41477e3ec277e542ed7f7b/java-objc-bridge-1.1.jar to classpath.
[13:30:35] [main/DEBUG] (FabricLoader/Knot) Adding /Users/agoghparvate/.gradle/caches/modules-2/files-2.1/com.github.oshi/oshi-core/6.2.2/54f5efc19bca95d709d9a37d19ffcbba3d21c1a6/oshi-core-6.2.2.jar to classpath.
[13:30:35] [main/DEBUG] (FabricLoader/Knot) Adding /Users/agoghparvate/.gradle/caches/modules-2/files-2.1/com.google.guava/failureaccess/1.0.1/1dcf1de382a0bf95a3d8b0849546c88bac1292c9/failureaccess-1.0.1.jar to classpath.
[13:30:35] [main/DEBUG] (FabricLoader/Knot) Adding /Users/agoghparvate/.gradle/caches/modules-2/files-2.1/com.google.guava/guava/31.1-jre/60458f877d055d0c9114d9e1a2efb737b4bc282c/guava-31.1-jre.jar to classpath.
[13:30:35] [main/DEBUG] (FabricLoader/Knot) Adding /Users/agoghparvate/.gradle/caches/modules-2/files-2.1/com.ibm.icu/icu4j/71.1/9e7d3304c23f9ba5cb71915f7cce23231a57a445/icu4j-71.1.jar to classpath.
[13:30:35] [main/DEBUG] (FabricLoader/Knot) Adding /Users/agoghparvate/.gradle/caches/modules-2/files-2.1/com.mojang/blocklist/1.0.10/5c685c5ffa94c4cd39496c7184c1d122e515ecef/blocklist-1.0.10.jar to classpath.
[13:30:35] [main/DEBUG] (FabricLoader/Knot) Adding /Users/agoghparvate/.gradle/caches/modules-2/files-2.1/com.mojang/brigadier/1.0.18/c1ef1234282716483c92183f49bef47b1a89bfa9/brigadier-1.0.18.jar to classpath.
[13:30:35] [main/DEBUG] (FabricLoader/Knot) Adding /Users/agoghparvate/.gradle/caches/modules-2/files-2.1/com.mojang/datafixerupper/5.0.28/e2157e236e529aff80a5fc3ccb506e56d46b130b/datafixerupper-5.0.28.jar to classpath.
[13:30:35] [main/DEBUG] (FabricLoader/Knot) Adding /Users/agoghparvate/.gradle/caches/modules-2/files-2.1/com.mojang/javabridge/2.0.25/bfa589b0bd71588fa7e594640114b0cda0cff5f6/javabridge-2.0.25.jar to classpath.
[13:30:35] [main/DEBUG] (FabricLoader/Knot) Adding /Users/agoghparvate/.gradle/caches/modules-2/files-2.1/com.mojang/patchy/2.2.10/da05971b07cbb379d002cf7eaec6a2048211fefc/patchy-2.2.10.jar to classpath.
[13:30:35] [main/DEBUG] (FabricLoader/Knot) Adding /Users/agoghparvate/.gradle/caches/modules-2/files-2.1/com.mojang/text2speech/1.13.9/5f4e3a6ef86cb021f7ca87ca192cddb50c26eb59/text2speech-1.13.9.jar to classpath.
[13:30:35] [main/DEBUG] (FabricLoader/Knot) Adding /Users/agoghparvate/.gradle/caches/modules-2/files-2.1/commons-codec/commons-codec/1.15/49d94806b6e3dc933dacbd8acb0fdbab8ebd1e5d/commons-codec-1.15.jar to classpath.
[13:30:35] [main/DEBUG] (FabricLoader/Knot) Adding /Users/agoghparvate/.gradle/caches/modules-2/files-2.1/commons-io/commons-io/2.11.0/a2503f302b11ebde7ebc3df41daebe0e4eea3689/commons-io-2.11.0.jar to classpath.
[13:30:35] [main/DEBUG] (FabricLoader/Knot) Adding /Users/agoghparvate/.gradle/caches/modules-2/files-2.1/commons-logging/commons-logging/1.2/4bfc12adfe4842bf07b657f0369c4cb522955686/commons-logging-1.2.jar to classpath.
[13:30:35] [main/DEBUG] (FabricLoader/Knot) Adding /Users/agoghparvate/.gradle/caches/modules-2/files-2.1/io.netty/netty-buffer/4.1.82.Final/a544270cf1ae8b8077082f5036436a9a9971ea71/netty-buffer-4.1.82.Final.jar to classpath.
[13:30:35] [main/DEBUG] (FabricLoader/Knot) Adding /Users/agoghparvate/.gradle/caches/modules-2/files-2.1/io.netty/netty-codec/4.1.82.Final/b77200379acb345a9ffdece1c605e591ac3e4e0a/netty-codec-4.1.82.Final.jar to classpath.
[13:30:35] [main/DEBUG] (FabricLoader/Knot) Adding /Users/agoghparvate/.gradle/caches/modules-2/files-2.1/io.netty/netty-common/4.1.82.Final/22d148e85c3f5ebdacc0ce1f5aabb1d420f73f3/netty-common-4.1.82.Final.jar to classpath.
[13:30:35] [main/DEBUG] (FabricLoader/Knot) Adding /Users/agoghparvate/.gradle/caches/modules-2/files-2.1/io.netty/netty-handler/4.1.82.Final/644041d1fa96a5d3130a29e8978630d716d76e38/netty-handler-4.1.82.Final.jar to classpath.
[13:30:35] [main/DEBUG] (FabricLoader/Knot) Adding /Users/agoghparvate/.gradle/caches/modules-2/files-2.1/io.netty/netty-resolver/4.1.82.Final/38f665ae8dcd29032eea31245ba7806bed2e0fa8/netty-resolver-4.1.82.Final.jar to classpath.
[13:30:35] [main/DEBUG] (FabricLoader/Knot) Adding /Users/agoghparvate/.gradle/caches/modules-2/files-2.1/io.netty/netty-transport-classes-epoll/4.1.82.Final/e7c7dd18deac93105797f30057c912651ea76521/netty-transport-classes-epoll-4.1.82.Final.jar to classpath.
[13:30:35] [main/DEBUG] (FabricLoader/Knot) Adding /Users/agoghparvate/.gradle/caches/modules-2/files-2.1/io.netty/netty-transport-native-unix-common/4.1.82.Final/3e895b35ca1b8a0eca56cacff4c2dde5d2c6abce/netty-transport-native-unix-common-4.1.82.Final.jar to classpath.
[13:30:35] [main/DEBUG] (FabricLoader/Knot) Adding /Users/agoghparvate/.gradle/caches/modules-2/files-2.1/io.netty/netty-transport/4.1.82.Final/e431a218d91acb6476ccad5f5aafde50aa3945ca/netty-transport-4.1.82.Final.jar to classpath.
[13:30:35] [main/DEBUG] (FabricLoader/Knot) Adding /Users/agoghparvate/.gradle/caches/modules-2/files-2.1/it.unimi.dsi/fastutil/8.5.9/bb7ea75ecdb216654237830b3a96d87ad91f8cc5/fastutil-8.5.9.jar to classpath.
[13:30:35] [main/DEBUG] (FabricLoader/Knot) Adding /Users/agoghparvate/.gradle/caches/modules-2/files-2.1/net.java.dev.jna/jna-platform/5.12.1/97406a297c852f4a41e688a176ec675f72e8329/jna-platform-5.12.1.jar to classpath.
[13:30:35] [main/DEBUG] (FabricLoader/Knot) Adding /Users/agoghparvate/.gradle/caches/modules-2/files-2.1/net.java.dev.jna/jna/5.12.1/b1e93a735caea94f503e95e6fe79bf9cdc1e985d/jna-5.12.1.jar to classpath.
[13:30:35] [main/DEBUG] (FabricLoader/Knot) Adding /Users/agoghparvate/.gradle/caches/modules-2/files-2.1/net.sf.jopt-simple/jopt-simple/5.0.4/4fdac2fbe92dfad86aa6e9301736f6b4342a3f5c/jopt-simple-5.0.4.jar to classpath.
[13:30:35] [main/DEBUG] (FabricLoader/Knot) Adding /Users/agoghparvate/.gradle/caches/modules-2/files-2.1/org.apache.commons/commons-compress/1.21/4ec95b60d4e86b5c95a0e919cb172a0af98011ef/commons-compress-1.21.jar to classpath.
[13:30:35] [main/DEBUG] (FabricLoader/Knot) Adding /Users/agoghparvate/.gradle/caches/modules-2/files-2.1/org.apache.commons/commons-lang3/3.12.0/c6842c86792ff03b9f1d1fe2aab8dc23aa6c6f0e/commons-lang3-3.12.0.jar to classpath.
[13:30:35] [main/DEBUG] (FabricLoader/Knot) Adding /Users/agoghparvate/.gradle/caches/modules-2/files-2.1/org.apache.httpcomponents/httpclient/4.5.13/e5f6cae5ca7ecaac1ec2827a9e2d65ae2869cada/httpclient-4.5.13.jar to classpath.
[13:30:35] [main/DEBUG] (FabricLoader/Knot) Adding /Users/agoghparvate/.gradle/caches/modules-2/files-2.1/org.apache.httpcomponents/httpcore/4.4.15/7f2e0c573eaa7a74bac2e89b359e1f73d92a0a1d/httpcore-4.4.15.jar to classpath.
[13:30:35] [main/DEBUG] (FabricLoader/Knot) Adding /Users/agoghparvate/.gradle/caches/modules-2/files-2.1/org.joml/joml/1.10.5/22566d58af70ad3d72308bab63b8339906deb649/joml-1.10.5.jar to classpath.
[13:30:35] [main/DEBUG] (FabricLoader/Knot) Adding /Users/agoghparvate/.gradle/caches/modules-2/files-2.1/org.lwjgl/lwjgl-glfw/3.3.1/cbac1b8d30cb4795149c1ef540f912671a8616d0/lwjgl-glfw-3.3.1.jar to classpath.
[13:30:35] [main/DEBUG] (FabricLoader/Knot) Adding /Users/agoghparvate/.gradle/caches/modules-2/files-2.1/org.lwjgl/lwjgl-glfw/3.3.1/9ec4ce1fc8c85fdef03ef4ff2aace6f5775fb280/lwjgl-glfw-3.3.1-natives-macos.jar to classpath.
[13:30:35] [main/DEBUG] (FabricLoader/Knot) Adding /Users/agoghparvate/.gradle/caches/modules-2/files-2.1/org.lwjgl/lwjgl-glfw/3.3.1/cac0d3f712a3da7641fa174735a5f315de7ffe0a/lwjgl-glfw-3.3.1-natives-macos-arm64.jar to classpath.
[13:30:35] [main/DEBUG] (FabricLoader/Knot) Adding /Users/agoghparvate/.gradle/caches/modules-2/files-2.1/org.lwjgl/lwjgl-jemalloc/3.3.1/a817bcf213db49f710603677457567c37d53e103/lwjgl-jemalloc-3.3.1.jar to classpath.
[13:30:35] [main/DEBUG] (FabricLoader/Knot) Adding /Users/agoghparvate/.gradle/caches/modules-2/files-2.1/org.lwjgl/lwjgl-jemalloc/3.3.1/56424dc8db3cfb8e7b594aa6d59a4f4387b7f544/lwjgl-jemalloc-3.3.1-natives-macos.jar to classpath.
[13:30:35] [main/DEBUG] (FabricLoader/Knot) Adding /Users/agoghparvate/.gradle/caches/modules-2/files-2.1/org.lwjgl/lwjgl-jemalloc/3.3.1/e577b87d8ad2ade361aaea2fcf226c660b15dee8/lwjgl-jemalloc-3.3.1-natives-macos-arm64.jar to classpath.
[13:30:35] [main/DEBUG] (FabricLoader/Knot) Adding /Users/agoghparvate/.gradle/caches/modules-2/files-2.1/org.lwjgl/lwjgl-openal/3.3.1/2623a6b8ae1dfcd880738656a9f0243d2e6840bd/lwjgl-openal-3.3.1.jar to classpath.
[13:30:35] [main/DEBUG] (FabricLoader/Knot) Adding /Users/agoghparvate/.gradle/caches/modules-2/files-2.1/org.lwjgl/lwjgl-openal/3.3.1/3a57b8911835fb58b5e558d0ca0d28157e263d45/lwjgl-openal-3.3.1-natives-macos.jar to classpath.
[13:30:35] [main/DEBUG] (FabricLoader/Knot) Adding /Users/agoghparvate/.gradle/caches/modules-2/files-2.1/org.lwjgl/lwjgl-openal/3.3.1/23d55e7490b57495320f6c9e1936d78fd72c4ef8/lwjgl-openal-3.3.1-natives-macos-arm64.jar to classpath.
[13:30:35] [main/DEBUG] (FabricLoader/Knot) Adding /Users/agoghparvate/.gradle/caches/modules-2/files-2.1/org.lwjgl/lwjgl-opengl/3.3.1/831a5533a21a5f4f81bbc51bb13e9899319b5411/lwjgl-opengl-3.3.1.jar to classpath.
[13:30:35] [main/DEBUG] (FabricLoader/Knot) Adding /Users/agoghparvate/.gradle/caches/modules-2/files-2.1/org.lwjgl/lwjgl-opengl/3.3.1/a0d12697ea019a7362eff26475b0531340e876a6/lwjgl-opengl-3.3.1-natives-macos.jar to classpath.
[13:30:35] [main/DEBUG] (FabricLoader/Knot) Adding /Users/agoghparvate/.gradle/caches/modules-2/files-2.1/org.lwjgl/lwjgl-opengl/3.3.1/eafe34b871d966292e8db0f1f3d6b8b110d4e91d/lwjgl-opengl-3.3.1-natives-macos-arm64.jar to classpath.
[13:30:35] [main/DEBUG] (FabricLoader/Knot) Adding /Users/agoghparvate/.gradle/caches/modules-2/files-2.1/org.lwjgl/lwjgl-stb/3.3.1/b119297cf8ed01f247abe8685857f8e7fcf5980f/lwjgl-stb-3.3.1.jar to classpath.
[13:30:35] [main/DEBUG] (FabricLoader/Knot) Adding /Users/agoghparvate/.gradle/caches/modules-2/files-2.1/org.lwjgl/lwjgl-stb/3.3.1/def8879b8d38a47a4cc1d48b1f9a7b772e51258e/lwjgl-stb-3.3.1-natives-macos.jar to classpath.
[13:30:35] [main/DEBUG] (FabricLoader/Knot) Adding /Users/agoghparvate/.gradle/caches/modules-2/files-2.1/org.lwjgl/lwjgl-stb/3.3.1/fcf073ed911752abdca5f0b00a53cfdf17ff8e8b/lwjgl-stb-3.3.1-natives-macos-arm64.jar to classpath.
[13:30:35] [main/DEBUG] (FabricLoader/Knot) Adding /Users/agoghparvate/.gradle/caches/modules-2/files-2.1/org.lwjgl/lwjgl-tinyfd/3.3.1/ff1914111ef2e3e0110ef2dabc8d8cdaad82347/lwjgl-tinyfd-3.3.1.jar to classpath.
[13:30:35] [main/DEBUG] (FabricLoader/Knot) Adding /Users/agoghparvate/.gradle/caches/modules-2/files-2.1/org.lwjgl/lwjgl-tinyfd/3.3.1/78641a0fa5e9afa714adfdd152c357930c97a1ce/lwjgl-tinyfd-3.3.1-natives-macos.jar to classpath.
[13:30:35] [main/DEBUG] (FabricLoader/Knot) Adding /Users/agoghparvate/.gradle/caches/modules-2/files-2.1/org.lwjgl/lwjgl-tinyfd/3.3.1/972ecc17bad3571e81162153077b4d47b7b9eaa9/lwjgl-tinyfd-3.3.1-natives-macos-arm64.jar to classpath.
[13:30:35] [main/DEBUG] (FabricLoader/Knot) Adding /Users/agoghparvate/.gradle/caches/modules-2/files-2.1/org.lwjgl/lwjgl/3.3.1/ae58664f88e18a9bb2c77b063833ca7aaec484cb/lwjgl-3.3.1.jar to classpath.
[13:30:35] [main/DEBUG] (FabricLoader/Knot) Adding /Users/agoghparvate/.gradle/caches/modules-2/files-2.1/org.lwjgl/lwjgl/3.3.1/fc6bb723dec2cd031557dccb2a95f0ab80acb9db/lwjgl-3.3.1-natives-macos.jar to classpath.
[13:30:35] [main/DEBUG] (FabricLoader/Knot) Adding /Users/agoghparvate/.gradle/caches/modules-2/files-2.1/org.lwjgl/lwjgl/3.3.1/71d0d5e469c9c95351eb949064497e3391616ac9/lwjgl-3.3.1-natives-macos-arm64.jar to classpath.
[13:30:35] [main/DEBUG] (FabricLoader/Knot) Adding /Users/agoghparvate/.gradle/caches/modules-2/files-2.1/io.netty/netty-transport-native-epoll/4.1.82.Final/c7350a71920f3ae9142945e25fed4846cce53374/netty-transport-native-epoll-4.1.82.Final-linux-x86_64.jar to classpath.
[13:30:35] [main/DEBUG] (FabricLoader/Knot) Adding /Users/agoghparvate/.gradle/caches/modules-2/files-2.1/io.netty/netty-transport-native-epoll/4.1.82.Final/476409d6255001ca53a55f65b01c13822f8dc93a/netty-transport-native-epoll-4.1.82.Final-linux-aarch_64.jar to classpath.
[13:30:35] [main/DEBUG] (FabricLoader/Knot) Adding /Users/agoghparvate/Desktop/Infernal War/.gradle/loom-cache/remapped_mods/net_fabricmc_yarn_1_19_3_1_19_3_build_1_v2/net/fabricmc/fabric-api/fabric-api/0.68.1+1.19.3/fabric-api-0.68.1+1.19.3.jar to classpath.
[13:30:35] [main/DEBUG] (FabricLoader/Knot) Adding /Users/agoghparvate/Desktop/Infernal War/.gradle/loom-cache/remapped_mods/net_fabricmc_yarn_1_19_3_1_19_3_build_1_v2/net/fabricmc/fabric-api/fabric-transfer-api-v1/2.1.11+28ac448f72/fabric-transfer-api-v1-2.1.11+28ac448f72.jar to classpath.
[13:30:35] [main/DEBUG] (FabricLoader/Knot) Adding /Users/agoghparvate/Desktop/Infernal War/.gradle/loom-cache/remapped_mods/net_fabricmc_yarn_1_19_3_1_19_3_build_1_v2/net/fabricmc/fabric-api/fabric-api-lookup-api-v1/1.6.18+49abcf7e72/fabric-api-lookup-api-v1-1.6.18+49abcf7e72.jar to classpath.
[13:30:35] [main/DEBUG] (FabricLoader/Knot) Adding /Users/agoghparvate/Desktop/Infernal War/.gradle/loom-cache/remapped_mods/net_fabricmc_yarn_1_19_3_1_19_3_build_1_v2/net/fabricmc/fabric-api/fabric-blockrenderlayer-v1/1.1.28+c6af733c72/fabric-blockrenderlayer-v1-1.1.28+c6af733c72.jar to classpath.
[13:30:35] [main/DEBUG] (FabricLoader/Knot) Adding /Users/agoghparvate/Desktop/Infernal War/.gradle/loom-cache/remapped_mods/net_fabricmc_yarn_1_19_3_1_19_3_build_1_v2/net/fabricmc/fabric-api/fabric-client-tags-api-v1/1.0.9+49abcf7e72/fabric-client-tags-api-v1-1.0.9+49abcf7e72.jar to classpath.
[13:30:35] [main/DEBUG] (FabricLoader/Knot) Adding /Users/agoghparvate/Desktop/Infernal War/.gradle/loom-cache/remapped_mods/net_fabricmc_yarn_1_19_3_1_19_3_build_1_v2/net/fabricmc/fabric-api/fabric-command-api-v2/2.1.15+49abcf7e72/fabric-command-api-v2-2.1.15+49abcf7e72.jar to classpath.
[13:30:35] [main/DEBUG] (FabricLoader/Knot) Adding /Users/agoghparvate/Desktop/Infernal War/.gradle/loom-cache/remapped_mods/net_fabricmc_yarn_1_19_3_1_19_3_build_1_v2/net/fabricmc/fabric-api/fabric-content-registries-v0/3.4.11+49abcf7e72/fabric-content-registries-v0-3.4.11+49abcf7e72.jar to classpath.
[13:30:35] [main/DEBUG] (FabricLoader/Knot) Adding /Users/agoghparvate/Desktop/Infernal War/.gradle/loom-cache/remapped_mods/net_fabricmc_yarn_1_19_3_1_19_3_build_1_v2/net/fabricmc/fabric-api/fabric-convention-tags-v1/1.1.9+2894d6df72/fabric-convention-tags-v1-1.1.9+2894d6df72.jar to classpath.
[13:30:35] [main/DEBUG] (FabricLoader/Knot) Adding /Users/agoghparvate/Desktop/Infernal War/.gradle/loom-cache/remapped_mods/net_fabricmc_yarn_1_19_3_1_19_3_build_1_v2/net/fabricmc/fabric-api/fabric-data-generation-api-v1/11.0.1+65e415cb72/fabric-data-generation-api-v1-11.0.1+65e415cb72.jar to classpath.
[13:30:35] [main/DEBUG] (FabricLoader/Knot) Adding /Users/agoghparvate/Desktop/Infernal War/.gradle/loom-cache/remapped_mods/net_fabricmc_yarn_1_19_3_1_19_3_build_1_v2/net/fabricmc/fabric-api/fabric-dimensions-v1/2.1.39+48349a3f72/fabric-dimensions-v1-2.1.39+48349a3f72.jar to classpath.
[13:30:35] [main/DEBUG] (FabricLoader/Knot) Adding /Users/agoghparvate/Desktop/Infernal War/.gradle/loom-cache/remapped_mods/net_fabricmc_yarn_1_19_3_1_19_3_build_1_v2/net/fabricmc/fabric-api/fabric-entity-events-v1/1.5.5+b83334a072/fabric-entity-events-v1-1.5.5+b83334a072.jar to classpath.
[13:30:35] [main/DEBUG] (FabricLoader/Knot) Adding /Users/agoghparvate/Desktop/Infernal War/.gradle/loom-cache/remapped_mods/net_fabricmc_yarn_1_19_3_1_19_3_build_1_v2/net/fabricmc/fabric-api/fabric-events-interaction-v0/0.4.37+422b77fb72/fabric-events-interaction-v0-0.4.37+422b77fb72.jar to classpath.
[13:30:35] [main/DEBUG] (FabricLoader/Knot) Adding /Users/agoghparvate/Desktop/Infernal War/.gradle/loom-cache/remapped_mods/net_fabricmc_yarn_1_19_3_1_19_3_build_1_v2/net/fabricmc/fabric-api/fabric-gametest-api-v1/1.1.13+12a01b0672/fabric-gametest-api-v1-1.1.13+12a01b0672.jar to classpath.
[13:30:35] [main/DEBUG] (FabricLoader/Knot) Adding /Users/agoghparvate/Desktop/Infernal War/.gradle/loom-cache/remapped_mods/net_fabricmc_yarn_1_19_3_1_19_3_build_1_v2/net/fabricmc/fabric-api/fabric-item-api-v1/2.1.4+fa25da9972/fabric-item-api-v1-2.1.4+fa25da9972.jar to classpath.
[13:30:35] [main/DEBUG] (FabricLoader/Knot) Adding /Users/agoghparvate/Desktop/Infernal War/.gradle/loom-cache/remapped_mods/net_fabricmc_yarn_1_19_3_1_19_3_build_1_v2/net/fabricmc/fabric-api/fabric-item-group-api-v1/2.1.6+b7096da872/fabric-item-group-api-v1-2.1.6+b7096da872.jar to classpath.
[13:30:35] [main/DEBUG] (FabricLoader/Knot) Adding /Users/agoghparvate/Desktop/Infernal War/.gradle/loom-cache/remapped_mods/net_fabricmc_yarn_1_19_3_1_19_3_build_1_v2/net/fabricmc/fabric-api/fabric-mining-level-api-v1/2.1.28+49abcf7e72/fabric-mining-level-api-v1-2.1.28+49abcf7e72.jar to classpath.
[13:30:35] [main/DEBUG] (FabricLoader/Knot) Adding /Users/agoghparvate/Desktop/Infernal War/.gradle/loom-cache/remapped_mods/net_fabricmc_yarn_1_19_3_1_19_3_build_1_v2/net/fabricmc/fabric-api/fabric-lifecycle-events-v1/2.2.8+2894d6df72/fabric-lifecycle-events-v1-2.2.8+2894d6df72.jar to classpath.
[13:30:35] [main/DEBUG] (FabricLoader/Knot) Adding /Users/agoghparvate/Desktop/Infernal War/.gradle/loom-cache/remapped_mods/net_fabricmc_yarn_1_19_3_1_19_3_build_1_v2/net/fabricmc/fabric-api/fabric-loot-api-v2/1.1.17+75e9821172/fabric-loot-api-v2-1.1.17+75e9821172.jar to classpath.
[13:30:35] [main/DEBUG] (FabricLoader/Knot) Adding /Users/agoghparvate/Desktop/Infernal War/.gradle/loom-cache/remapped_mods/net_fabricmc_yarn_1_19_3_1_19_3_build_1_v2/net/fabricmc/fabric-api/fabric-message-api-v1/5.0.12+6ede1da972/fabric-message-api-v1-5.0.12+6ede1da972.jar to classpath.
[13:30:35] [main/DEBUG] (FabricLoader/Knot) Adding /Users/agoghparvate/Desktop/Infernal War/.gradle/loom-cache/remapped_mods/net_fabricmc_yarn_1_19_3_1_19_3_build_1_v2/net/fabricmc/fabric-api/fabric-models-v0/0.3.25+11ba9c3b72/fabric-models-v0-0.3.25+11ba9c3b72.jar to classpath.
[13:30:35] [main/DEBUG] (FabricLoader/Knot) Adding /Users/agoghparvate/Desktop/Infernal War/.gradle/loom-cache/remapped_mods/net_fabricmc_yarn_1_19_3_1_19_3_build_1_v2/net/fabricmc/fabric-api/fabric-registry-sync-v0/2.0.1+2608564672/fabric-registry-sync-v0-2.0.1+2608564672.jar to classpath.
[13:30:35] [main/DEBUG] (FabricLoader/Knot) Adding /Users/agoghparvate/Desktop/Infernal War/.gradle/loom-cache/remapped_mods/net_fabricmc_yarn_1_19_3_1_19_3_build_1_v2/net/fabricmc/fabric-api/fabric-screen-handler-api-v1/1.3.10+689f5e7172/fabric-screen-handler-api-v1-1.3.10+689f5e7172.jar to classpath.
[13:30:35] [main/DEBUG] (FabricLoader/Knot) Adding /Users/agoghparvate/Desktop/Infernal War/.gradle/loom-cache/remapped_mods/net_fabricmc_yarn_1_19_3_1_19_3_build_1_v2/net/fabricmc/fabric-api/fabric-networking-api-v1/1.2.14+d9ac3c3972/fabric-networking-api-v1-1.2.14+d9ac3c3972.jar to classpath.
[13:30:35] [main/DEBUG] (FabricLoader/Knot) Adding /Users/agoghparvate/Desktop/Infernal War/.gradle/loom-cache/remapped_mods/net_fabricmc_yarn_1_19_3_1_19_3_build_1_v2/net/fabricmc/fabric-api/fabric-object-builder-api-v1/5.1.6+49abcf7e72/fabric-object-builder-api-v1-5.1.6+49abcf7e72.jar to classpath.
[13:30:35] [main/DEBUG] (FabricLoader/Knot) Adding /Users/agoghparvate/Desktop/Infernal War/.gradle/loom-cache/remapped_mods/net_fabricmc_yarn_1_19_3_1_19_3_build_1_v2/net/fabricmc/fabric-api/fabric-particles-v1/1.0.18+fbde993d72/fabric-particles-v1-1.0.18+fbde993d72.jar to classpath.
[13:30:35] [main/DEBUG] (FabricLoader/Knot) Adding /Users/agoghparvate/Desktop/Infernal War/.gradle/loom-cache/remapped_mods/net_fabricmc_yarn_1_19_3_1_19_3_build_1_v2/net/fabricmc/fabric-api/fabric-renderer-indigo/0.6.23+11ba9c3b72/fabric-renderer-indigo-0.6.23+11ba9c3b72.jar to classpath.
[13:30:35] [main/DEBUG] (FabricLoader/Knot) Adding /Users/agoghparvate/Desktop/Infernal War/.gradle/loom-cache/remapped_mods/net_fabricmc_yarn_1_19_3_1_19_3_build_1_v2/net/fabricmc/fabric-api/fabric-renderer-api-v1/2.1.0+2063beff72/fabric-renderer-api-v1-2.1.0+2063beff72.jar to classpath.
[13:30:35] [main/DEBUG] (FabricLoader/Knot) Adding /Users/agoghparvate/Desktop/Infernal War/.gradle/loom-cache/remapped_mods/net_fabricmc_yarn_1_19_3_1_19_3_build_1_v2/net/fabricmc/fabric-api/fabric-rendering-data-attachment-v1/0.3.23+48349a3f72/fabric-rendering-data-attachment-v1-0.3.23+48349a3f72.jar to classpath.
[13:30:35] [main/DEBUG] (FabricLoader/Knot) Adding /Users/agoghparvate/Desktop/Infernal War/.gradle/loom-cache/remapped_mods/net_fabricmc_yarn_1_19_3_1_19_3_build_1_v2/net/fabricmc/fabric-api/fabric-rendering-fluids-v1/3.0.16+3067f46372/fabric-rendering-fluids-v1-3.0.16+3067f46372.jar to classpath.
[13:30:35] [main/DEBUG] (FabricLoader/Knot) Adding /Users/agoghparvate/Desktop/Infernal War/.gradle/loom-cache/remapped_mods/net_fabricmc_yarn_1_19_3_1_19_3_build_1_v2/net/fabricmc/fabric-api/fabric-rendering-v1/1.11.7+49abcf7e72/fabric-rendering-v1-1.11.7+49abcf7e72.jar to classpath.
[13:30:35] [main/DEBUG] (FabricLoader/Knot) Adding /Users/agoghparvate/Desktop/Infernal War/.gradle/loom-cache/remapped_mods/net_fabricmc_yarn_1_19_3_1_19_3_build_1_v2/net/fabricmc/fabric-api/fabric-screen-api-v1/1.0.38+8c84281072/fabric-screen-api-v1-1.0.38+8c84281072.jar to classpath.
[13:30:35] [main/DEBUG] (FabricLoader/Knot) Adding /Users/agoghparvate/Desktop/Infernal War/.gradle/loom-cache/remapped_mods/net_fabricmc_yarn_1_19_3_1_19_3_build_1_v2/net/fabricmc/fabric-api/fabric-api-base/0.4.19+8d1895cf72/fabric-api-base-0.4.19+8d1895cf72.jar to classpath.
[13:30:35] [main/DEBUG] (FabricLoader/Knot) Adding /Users/agoghparvate/Desktop/Infernal War/.gradle/loom-cache/remapped_mods/net_fabricmc_yarn_1_19_3_1_19_3_build_1_v2/net/fabricmc/fabric-api/fabric-biome-api-v1/12.0.0+689f5e7172/fabric-biome-api-v1-12.0.0+689f5e7172.jar to classpath.
[13:30:35] [main/DEBUG] (FabricLoader/Knot) Adding /Users/agoghparvate/Desktop/Infernal War/.gradle/loom-cache/remapped_mods/net_fabricmc_yarn_1_19_3_1_19_3_build_1_v2/net/fabricmc/fabric-api/fabric-block-api-v1/1.0.3+12bfe4ea72/fabric-block-api-v1-1.0.3+12bfe4ea72.jar to classpath.
[13:30:35] [main/DEBUG] (FabricLoader/Knot) Adding /Users/agoghparvate/Desktop/Infernal War/.gradle/loom-cache/remapped_mods/net_fabricmc_yarn_1_19_3_1_19_3_build_1_v2/net/fabricmc/fabric-api/fabric-crash-report-info-v1/0.2.12+aeb40ebe72/fabric-crash-report-info-v1-0.2.12+aeb40ebe72.jar to classpath.
[13:30:35] [main/DEBUG] (FabricLoader/Knot) Adding /Users/agoghparvate/Desktop/Infernal War/.gradle/loom-cache/remapped_mods/net_fabricmc_yarn_1_19_3_1_19_3_build_1_v2/net/fabricmc/fabric-api/fabric-game-rule-api-v1/1.0.28+2894d6df72/fabric-game-rule-api-v1-1.0.28+2894d6df72.jar to classpath.
[13:30:35] [main/DEBUG] (FabricLoader/Knot) Adding /Users/agoghparvate/Desktop/Infernal War/.gradle/loom-cache/remapped_mods/net_fabricmc_yarn_1_19_3_1_19_3_build_1_v2/net/fabricmc/fabric-api/fabric-key-binding-api-v1/1.0.28+aaaf9d3372/fabric-key-binding-api-v1-1.0.28+aaaf9d3372.jar to classpath.
[13:30:35] [main/DEBUG] (FabricLoader/Knot) Adding /Users/agoghparvate/Desktop/Infernal War/.gradle/loom-cache/remapped_mods/net_fabricmc_yarn_1_19_3_1_19_3_build_1_v2/net/fabricmc/fabric-api/fabric-resource-conditions-api-v1/2.2.0+280be3ab72/fabric-resource-conditions-api-v1-2.2.0+280be3ab72.jar to classpath.
[13:30:35] [main/DEBUG] (FabricLoader/Knot) Adding /Users/agoghparvate/Desktop/Infernal War/.gradle/loom-cache/remapped_mods/net_fabricmc_yarn_1_19_3_1_19_3_build_1_v2/net/fabricmc/fabric-api/fabric-resource-loader-v0/0.10.2+f6c919d672/fabric-resource-loader-v0-0.10.2+f6c919d672.jar to classpath.
[13:30:35] [main/DEBUG] (FabricLoader/Knot) Adding /Users/agoghparvate/Desktop/Infernal War/.gradle/loom-cache/remapped_mods/net_fabricmc_yarn_1_19_3_1_19_3_build_1_v2/net/fabricmc/fabric-api/fabric-sound-api-v1/1.0.6+75e9821172/fabric-sound-api-v1-1.0.6+75e9821172.jar to classpath.
[13:30:35] [main/DEBUG] (FabricLoader/Knot) Adding /Users/agoghparvate/Desktop/Infernal War/.gradle/loom-cache/remapped_mods/net_fabricmc_yarn_1_19_3_1_19_3_build_1_v2/net/fabricmc/fabric-api/fabric-transitive-access-wideners-v1/2.1.0+0efcd39b72/fabric-transitive-access-wideners-v1-2.1.0+0efcd39b72.jar to classpath.
[13:30:35] [main/DEBUG] (FabricLoader/Knot) Adding /Users/agoghparvate/.gradle/caches/modules-2/files-2.1/net.fabricmc/dev-launch-injector/0.2.1+build.8/da8bef7e6e2f952da707f282bdb46882a0fce5e3/dev-launch-injector-0.2.1+build.8.jar to classpath.
[13:30:35] [main/DEBUG] (FabricLoader/Knot) Adding /Users/agoghparvate/.gradle/caches/modules-2/files-2.1/org.jline/jline-reader/3.12.1/4382ab1382c7b6f379377ed5f665dc2f6e1218bc/jline-reader-3.12.1.jar to classpath.
[13:30:35] [main/DEBUG] (FabricLoader/Knot) Adding /Users/agoghparvate/.gradle/caches/modules-2/files-2.1/org.jline/jline-terminal/3.12.1/c777448314e050d980a6b697c140f3bfe9eb7416/jline-terminal-3.12.1.jar to classpath.
[13:30:35] [main/DEBUG] (FabricLoader/Knot) Adding /Users/agoghparvate/.gradle/caches/fabric-loom/1.19.3/net.fabricmc.yarn.1_19_3.1.19.3+build.1-v2/mappings.jar to classpath.
[13:30:35] [main/DEBUG] (FabricLoader/Entrypoint) No subscribers for entrypoint 'preLaunch'
[13:30:35] [main/DEBUG] (FabricLoader/Mixin) Preparing mixins for MixinEnvironment[DEFAULT]
[13:30:35] [main/DEBUG] (FabricLoader/Mixin) Selecting config fabric-screen-api-v1.mixins.json
[13:30:35] [main/DEBUG] (FabricLoader/Mixin) Remapping refMap client-fabric-screen-api-v1-refmap.json using remapper chain
[13:30:35] [main/DEBUG] (FabricLoader/Mixin) Selecting config fabric-sound-api-v1.mixins.json
[13:30:35] [main/DEBUG] (FabricLoader/Mixin) Remapping refMap client-fabric-sound-api-v1-refmap.json using remapper chain
[13:30:35] [main/DEBUG] (FabricLoader/Mixin) Selecting config fabric-block-api-v1.mixins.json
[13:30:35] [main/DEBUG] (FabricLoader/Mixin) Remapping refMap fabric-block-api-v1-refmap.json using remapper chain
[13:30:35] [main/DEBUG] (FabricLoader/Mixin) Selecting config fabric-transfer-api-v1.mixins.json
[13:30:35] [main/DEBUG] (FabricLoader/Mixin) Remapping refMap fabric-transfer-api-v1-refmap.json using remapper chain
[13:30:35] [main/DEBUG] (FabricLoader/Mixin) Selecting config fabric-rendering-fluids-v1.mixins.json
[13:30:35] [main/DEBUG] (FabricLoader/Mixin) Remapping refMap client-fabric-rendering-fluids-v1-refmap.json using remapper chain
[13:30:35] [main/DEBUG] (FabricLoader/Mixin) Selecting config fabric-biome-api-v1.mixins.json
[13:30:35] [main/DEBUG] (FabricLoader/Mixin) Remapping refMap fabric-biome-api-v1-refmap.json using remapper chain
[13:30:35] [main/DEBUG] (FabricLoader/Mixin) Selecting config fabric-item-group-api-v1.mixins.json
[13:30:35] [main/DEBUG] (FabricLoader/Mixin) Remapping refMap fabric-item-group-api-v1-refmap.json using remapper chain
[13:30:35] [main/DEBUG] (FabricLoader/Mixin) Selecting config fabric-item-group-api-v1.client.mixins.json
[13:30:35] [main/DEBUG] (FabricLoader/Mixin) Remapping refMap client-fabric-item-group-api-v1-refmap.json using remapper chain
[13:30:35] [main/DEBUG] (FabricLoader/Mixin) Selecting config modid.mixins.json
[13:30:35] [main/DEBUG] (FabricLoader/Mixin) Selecting config fabric-message-api-v1.mixins.json
[13:30:35] [main/DEBUG] (FabricLoader/Mixin) Remapping refMap fabric-message-api-v1-refmap.json using remapper chain
[13:30:35] [main/DEBUG] (FabricLoader/Mixin) Selecting config fabric-screen-handler-api-v1.mixins.json
[13:30:35] [main/DEBUG] (FabricLoader/Mixin) Remapping refMap fabric-screen-handler-api-v1-refmap.json using remapper chain
[13:30:35] [main/DEBUG] (FabricLoader/Mixin) Selecting config fabric-lifecycle-events-v1.mixins.json
[13:30:35] [main/DEBUG] (FabricLoader/Mixin) Remapping refMap fabric-lifecycle-events-v1-refmap.json using remapper chain
[13:30:35] [main/DEBUG] (FabricLoader/Mixin) Selecting config fabric-lifecycle-events-v1.client.mixins.json
[13:30:35] [main/DEBUG] (FabricLoader/Mixin) Remapping refMap client-fabric-lifecycle-events-v1-refmap.json using remapper chain
[13:30:35] [main/DEBUG] (FabricLoader/Mixin) Selecting config fabric-dimensions-v1.mixins.json
[13:30:35] [main/DEBUG] (FabricLoader/Mixin) Remapping refMap fabric-dimensions-v1-refmap.json using remapper chain
[13:30:35] [main/DEBUG] (FabricLoader/Mixin) Selecting config fabric-data-generation-api-v1.mixins.json
[13:30:35] [main/DEBUG] (FabricLoader/Mixin) Remapping refMap fabric-data-generation-api-v1-refmap.json using remapper chain
[13:30:35] [main/DEBUG] (FabricLoader/Mixin) Selecting config fabric-data-generation-api-v1.client.mixins.json
[13:30:35] [main/DEBUG] (FabricLoader/Mixin) Remapping refMap client-fabric-data-generation-api-v1-refmap.json using remapper chain
[13:30:35] [main/DEBUG] (FabricLoader/Mixin) Selecting config fabric-rendering-data-attachment-v1.mixins.json
[13:30:35] [main/DEBUG] (FabricLoader/Mixin) Remapping refMap fabric-rendering-data-attachment-v1-refmap.json using remapper chain
[13:30:35] [main/DEBUG] (FabricLoader/Mixin) Selecting config fabric-rendering-data-attachment-v1.client.mixins.json
[13:30:35] [main/DEBUG] (FabricLoader/Mixin) Remapping refMap client-fabric-rendering-data-attachment-v1-refmap.json using remapper chain
[13:30:35] [main/DEBUG] (FabricLoader/Mixin) Selecting config fabric-command-api-v2.mixins.json
[13:30:35] [main/DEBUG] (FabricLoader/Mixin) Remapping refMap fabric-command-api-v2-refmap.json using remapper chain
[13:30:35] [main/DEBUG] (FabricLoader/Mixin) Selecting config fabric-command-api-v2.client.mixins.json
[13:30:35] [main/DEBUG] (FabricLoader/Mixin) Remapping refMap client-fabric-command-api-v2-refmap.json using remapper chain
[13:30:35] [main/DEBUG] (FabricLoader/Mixin) Selecting config fabric-entity-events-v1.mixins.json
[13:30:35] [main/DEBUG] (FabricLoader/Mixin) Remapping refMap fabric-entity-events-v1-refmap.json using remapper chain
[13:30:35] [main/DEBUG] (FabricLoader/Mixin) Selecting config fabric-entity-events-v1.client.mixins.json
[13:30:35] [main/DEBUG] (FabricLoader/Mixin) Remapping refMap client-fabric-entity-events-v1-refmap.json using remapper chain
[13:30:35] [main/DEBUG] (FabricLoader/Mixin) Selecting config fabric-events-interaction-v0.mixins.json
[13:30:35] [main/DEBUG] (FabricLoader/Mixin) Remapping refMap fabric-events-interaction-v0-refmap.json using remapper chain
[13:30:35] [main/DEBUG] (FabricLoader/Mixin) Selecting config fabric-events-interaction-v0.client.mixins.json
[13:30:35] [main/DEBUG] (FabricLoader/Mixin) Remapping refMap client-fabric-events-interaction-v0-refmap.json using remapper chain
[13:30:35] [main/DEBUG] (FabricLoader/Mixin) Selecting config fabric-item-api-v1.mixins.json
[13:30:35] [main/DEBUG] (FabricLoader/Mixin) Remapping refMap fabric-item-api-v1-refmap.json using remapper chain
[13:30:35] [main/DEBUG] (FabricLoader/Mixin) Selecting config fabric-item-api-v1.client.mixins.json
[13:30:35] [main/DEBUG] (FabricLoader/Mixin) Remapping refMap client-fabric-item-api-v1-refmap.json using remapper chain
[13:30:35] [main/DEBUG] (FabricLoader/Mixin) Selecting config fabric-crash-report-info-v1.mixins.json
[13:30:35] [main/DEBUG] (FabricLoader/Mixin) Remapping refMap fabric-crash-report-info-v1-refmap.json using remapper chain
[13:30:35] [main/DEBUG] (FabricLoader/Mixin) Selecting config fabric-content-registries-v0.mixins.json
[13:30:35] [main/DEBUG] (FabricLoader/Mixin) Remapping refMap fabric-content-registries-v0-refmap.json using remapper chain
[13:30:35] [main/DEBUG] (FabricLoader/Mixin) Selecting config fabric-key-binding-api-v1.mixins.json
[13:30:35] [main/DEBUG] (FabricLoader/Mixin) Remapping refMap client-fabric-key-binding-api-v1-refmap.json using remapper chain
[13:30:35] [main/DEBUG] (FabricLoader/Mixin) Selecting config fabric-registry-sync-v0.mixins.json
[13:30:35] [main/DEBUG] (FabricLoader/Mixin) Remapping refMap fabric-registry-sync-v0-refmap.json using remapper chain
[13:30:35] [main/DEBUG] (FabricLoader/Mixin) Selecting config fabric-registry-sync-v0.client.mixins.json
[13:30:35] [main/DEBUG] (FabricLoader/Mixin) Remapping refMap client-fabric-registry-sync-v0-refmap.json using remapper chain
[13:30:35] [main/DEBUG] (FabricLoader/Mixin) Selecting config fabric-game-rule-api-v1.mixins.json
[13:30:35] [main/DEBUG] (FabricLoader/Mixin) Remapping refMap fabric-game-rule-api-v1-refmap.json using remapper chain
[13:30:35] [main/DEBUG] (FabricLoader/Mixin) Selecting config fabric-game-rule-api-v1.client.mixins.json
[13:30:35] [main/DEBUG] (FabricLoader/Mixin) Remapping refMap client-fabric-game-rule-api-v1-refmap.json using remapper chain
[13:30:35] [main/DEBUG] (FabricLoader/Mixin) Selecting config fabric-api-lookup-api-v1.mixins.json
[13:30:35] [main/DEBUG] (FabricLoader/Mixin) Remapping refMap fabric-api-lookup-api-v1-refmap.json using remapper chain
[13:30:35] [main/DEBUG] (FabricLoader/Mixin) Selecting config fabric-models-v0.mixins.json
[13:30:35] [main/DEBUG] (FabricLoader/Mixin) Remapping refMap client-fabric-models-v0-refmap.json using remapper chain
[13:30:35] [main/DEBUG] (FabricLoader/Mixin) Selecting config fabric-renderer-api-v1.mixins.json
[13:30:35] [main/DEBUG] (FabricLoader/Mixin) Remapping refMap client-fabric-renderer-api-v1-refmap.json using remapper chain
[13:30:35] [main/DEBUG] (FabricLoader/Mixin) Selecting config fabric-renderer-api-v1.debughud.mixins.json
[13:30:35] [main/DEBUG] (FabricLoader/Mixin) Remapping refMap client-fabric-renderer-api-v1-refmap.json using remapper chain
[13:30:35] [main/DEBUG] (FabricLoader/Mixin) Selecting config fabric-resource-loader-v0.mixins.json
[13:30:35] [main/DEBUG] (FabricLoader/Mixin) Remapping refMap fabric-resource-loader-v0-refmap.json using remapper chain
[13:30:35] [main/DEBUG] (FabricLoader/Mixin) Selecting config fabric-resource-loader-v0.client.mixins.json
[13:30:35] [main/DEBUG] (FabricLoader/Mixin) Remapping refMap client-fabric-resource-loader-v0-refmap.json using remapper chain
[13:30:35] [main/DEBUG] (FabricLoader/Mixin) Selecting config fabric-gametest-api-v1.mixins.json
[13:30:35] [main/DEBUG] (FabricLoader/Mixin) Remapping refMap fabric-gametest-api-v1-refmap.json using remapper chain
[13:30:35] [main/DEBUG] (FabricLoader/Mixin) Selecting config fabric-loot-api-v2.mixins.json
[13:30:35] [main/DEBUG] (FabricLoader/Mixin) Remapping refMap fabric-loot-api-v2-refmap.json using remapper chain
[13:30:35] [main/DEBUG] (FabricLoader/Mixin) Selecting config fabric-networking-api-v1.mixins.json
[13:30:35] [main/DEBUG] (FabricLoader/Mixin) Remapping refMap fabric-networking-api-v1-refmap.json using remapper chain
[13:30:35] [main/DEBUG] (FabricLoader/Mixin) Selecting config fabric-networking-api-v1.client.mixins.json
[13:30:35] [main/DEBUG] (FabricLoader/Mixin) Remapping refMap client-fabric-networking-api-v1-refmap.json using remapper chain
[13:30:35] [main/DEBUG] (FabricLoader/Mixin) Selecting config fabric-blockrenderlayer-v1.mixins.json
[13:30:35] [main/DEBUG] (FabricLoader/Mixin) Remapping refMap client-fabric-blockrenderlayer-v1-refmap.json using remapper chain
[13:30:35] [main/DEBUG] (FabricLoader/Mixin) Selecting config fabric-object-builder-v1.mixins.json
[13:30:35] [main/DEBUG] (FabricLoader/Mixin) Remapping refMap fabric-object-builder-api-v1-refmap.json using remapper chain
[13:30:35] [main/DEBUG] (FabricLoader/Mixin) Selecting config fabric-object-builder-v1.client.mixins.json
[13:30:35] [main/DEBUG] (FabricLoader/Mixin) Remapping refMap client-fabric-object-builder-api-v1-refmap.json using remapper chain
[13:30:35] [main/DEBUG] (FabricLoader/Mixin) Selecting config fabric-particles-v1.client.mixins.json
[13:30:35] [main/DEBUG] (FabricLoader/Mixin) Remapping refMap client-fabric-particles-v1-refmap.json using remapper chain
[13:30:35] [main/DEBUG] (FabricLoader/Mixin) Selecting config fabric-resource-conditions-api-v1.mixins.json
[13:30:35] [main/DEBUG] (FabricLoader/Mixin) Remapping refMap fabric-resource-conditions-api-v1-refmap.json using remapper chain
[13:30:35] [main/DEBUG] (FabricLoader/Mixin) Selecting config fabric-rendering-v1.mixins.json
[13:30:35] [main/DEBUG] (FabricLoader/Mixin) Remapping refMap client-fabric-rendering-v1-refmap.json using remapper chain
[13:30:35] [main/DEBUG] (FabricLoader/Mixin) Selecting config fabric-renderer-indigo.mixins.json
[13:30:35] [main/DEBUG] (FabricLoader/Mixin) Remapping refMap client-fabric-renderer-indigo-refmap.json using remapper chain
[13:30:35] [main/DEBUG] (FabricLoader/Mixin) Selecting config fabric-mining-level-api-v1.mixins.json
[13:30:35] [main/DEBUG] (FabricLoader/Mixin) Remapping refMap fabric-mining-level-api-v1-refmap.json using remapper chain
[13:30:35] [main/DEBUG] (FabricLoader/Mixin) Preparing fabric-screen-api-v1.mixins.json (6)
[13:30:35] [main/DEBUG] (FabricLoader/Mixin) Preparing fabric-sound-api-v1.mixins.json (2)
[13:30:35] [main/DEBUG] (FabricLoader/Mixin) Preparing fabric-block-api-v1.mixins.json (2)
[13:30:35] [main/DEBUG] (FabricLoader/Mixin) Preparing fabric-transfer-api-v1.mixins.json (11)
[13:30:36] [main/DEBUG] (FabricLoader/Mixin) Preparing fabric-rendering-fluids-v1.mixins.json (1)
[13:30:36] [main/DEBUG] (FabricLoader/Mixin) Preparing fabric-biome-api-v1.mixins.json (9)
[13:30:36] [main/DEBUG] (FabricLoader/Mixin) Preparing fabric-item-group-api-v1.mixins.json (4)
[13:30:36] [main/DEBUG] (FabricLoader/Mixin) Preparing fabric-item-group-api-v1.client.mixins.json (1)
[13:30:36] [main/DEBUG] (FabricLoader/Mixin) Preparing modid.mixins.json (1)
[13:30:36] [main/ERROR] (FabricLoader/Mixin) Mixin prepare for mod modid failed preparing ToDoMixin in modid.mixins.json: org.spongepowered.asm.mixin.transformer.throwables.InvalidMixinException The specified mixin 'net.fabricmc.example.mixin.ToDoMixin' was not found
org.spongepowered.asm.mixin.transformer.throwables.InvalidMixinException: The specified mixin 'net.fabricmc.example.mixin.ToDoMixin' was not found
	at org.spongepowered.asm.mixin.transformer.MixinInfo.<init>(MixinInfo.java:865) ~[sponge-mixin-0.11.4+mixin.0.8.5.jar:0.11.4+mixin.0.8.5]
	at org.spongepowered.asm.mixin.transformer.MixinConfig.prepareMixins(MixinConfig.java:852) ~[sponge-mixin-0.11.4+mixin.0.8.5.jar:0.11.4+mixin.0.8.5]
	at org.spongepowered.asm.mixin.transformer.MixinConfig.prepare(MixinConfig.java:781) ~[sponge-mixin-0.11.4+mixin.0.8.5.jar:0.11.4+mixin.0.8.5]
	at org.spongepowered.asm.mixin.transformer.MixinProcessor.prepareConfigs(MixinProcessor.java:540) ~[sponge-mixin-0.11.4+mixin.0.8.5.jar:0.11.4+mixin.0.8.5]
	at org.spongepowered.asm.mixin.transformer.MixinProcessor.select(MixinProcessor.java:462) ~[sponge-mixin-0.11.4+mixin.0.8.5.jar:0.11.4+mixin.0.8.5]
	at org.spongepowered.asm.mixin.transformer.MixinProcessor.checkSelect(MixinProcessor.java:438) ~[sponge-mixin-0.11.4+mixin.0.8.5.jar:0.11.4+mixin.0.8.5]
	at org.spongepowered.asm.mixin.transformer.MixinProcessor.applyMixins(MixinProcessor.java:290) ~[sponge-mixin-0.11.4+mixin.0.8.5.jar:0.11.4+mixin.0.8.5]
	at org.spongepowered.asm.mixin.transformer.MixinTransformer.transformClass(MixinTransformer.java:234) ~[sponge-mixin-0.11.4+mixin.0.8.5.jar:0.11.4+mixin.0.8.5]
	at org.spongepowered.asm.mixin.transformer.MixinTransformer.transformClassBytes(MixinTransformer.java:202) ~[sponge-mixin-0.11.4+mixin.0.8.5.jar:0.11.4+mixin.0.8.5]
	at net.fabricmc.loader.impl.launch.knot.KnotClassDelegate.getPostMixinClassByteArray(KnotClassDelegate.java:422) ~[fabric-loader-0.14.11.jar:?]
	at net.fabricmc.loader.impl.launch.knot.KnotClassDelegate.tryLoadClass(KnotClassDelegate.java:323) ~[fabric-loader-0.14.11.jar:?]
	at net.fabricmc.loader.impl.launch.knot.KnotClassDelegate.loadClass(KnotClassDelegate.java:218) ~[fabric-loader-0.14.11.jar:?]
	at net.fabricmc.loader.impl.launch.knot.KnotClassLoader.loadClass(KnotClassLoader.java:145) ~[fabric-loader-0.14.11.jar:?]
	at java.lang.ClassLoader.loadClass(ClassLoader.java:520) ~[?:?]
	at net.fabricmc.loader.impl.game.minecraft.MinecraftGameProvider.launch(MinecraftGameProvider.java:454) ~[fabric-loader-0.14.11.jar:?]
	at net.fabricmc.loader.impl.launch.knot.Knot.launch(Knot.java:74) ~[fabric-loader-0.14.11.jar:?]
	at net.fabricmc.loader.impl.launch.knot.KnotClient.main(KnotClient.java:23) ~[fabric-loader-0.14.11.jar:?]
	at net.fabricmc.devlaunchinjector.Main.main(Main.java:86) ~[dev-launch-injector-0.2.1+build.8.jar:?]
Caused by: java.lang.ClassNotFoundException: The specified mixin 'net.fabricmc.example.mixin.ToDoMixin' was not found
	at org.spongepowered.asm.mixin.transformer.MixinInfo.loadMixinClass(MixinInfo.java:1314) ~[sponge-mixin-0.11.4+mixin.0.8.5.jar:0.11.4+mixin.0.8.5]
	at org.spongepowered.asm.mixin.transformer.MixinInfo.<init>(MixinInfo.java:858) ~[sponge-mixin-0.11.4+mixin.0.8.5.jar:0.11.4+mixin.0.8.5]
	... 17 more
[13:30:36] [main/ERROR] (FabricLoader) Uncaught exception in thread "main"
java.lang.RuntimeException: Mixin transformation of net.minecraft.client.main.Main failed
	at net.fabricmc.loader.impl.launch.knot.KnotClassDelegate.getPostMixinClassByteArray(KnotClassDelegate.java:427) ~[fabric-loader-0.14.11.jar:?]
	at net.fabricmc.loader.impl.launch.knot.KnotClassDelegate.tryLoadClass(KnotClassDelegate.java:323) ~[fabric-loader-0.14.11.jar:?]
	at net.fabricmc.loader.impl.launch.knot.KnotClassDelegate.loadClass(KnotClassDelegate.java:218) ~[fabric-loader-0.14.11.jar:?]
	at net.fabricmc.loader.impl.launch.knot.KnotClassLoader.loadClass(KnotClassLoader.java:145) ~[fabric-loader-0.14.11.jar:?]
	at java.lang.ClassLoader.loadClass(ClassLoader.java:520) ~[?:?]
	at net.fabricmc.loader.impl.game.minecraft.MinecraftGameProvider.launch(MinecraftGameProvider.java:454) ~[fabric-loader-0.14.11.jar:?]
	at net.fabricmc.loader.impl.launch.knot.Knot.launch(Knot.java:74) ~[fabric-loader-0.14.11.jar:?]
	at net.fabricmc.loader.impl.launch.knot.KnotClient.main(KnotClient.java:23) ~[fabric-loader-0.14.11.jar:?]
	at net.fabricmc.devlaunchinjector.Main.main(Main.java:86) ~[dev-launch-injector-0.2.1+build.8.jar:?]
Caused by: org.spongepowered.asm.mixin.throwables.MixinApplyError: Mixin [modid.mixins.json:ToDoMixin from mod modid] from phase [DEFAULT] in config [modid.mixins.json] FAILED during PREPARE
	at org.spongepowered.asm.mixin.transformer.MixinProcessor.handleMixinError(MixinProcessor.java:638) ~[sponge-mixin-0.11.4+mixin.0.8.5.jar:0.11.4+mixin.0.8.5]
	at org.spongepowered.asm.mixin.transformer.MixinProcessor.handleMixinPrepareError(MixinProcessor.java:585) ~[sponge-mixin-0.11.4+mixin.0.8.5.jar:0.11.4+mixin.0.8.5]
	at org.spongepowered.asm.mixin.transformer.MixinProcessor.prepareConfigs(MixinProcessor.java:543) ~[sponge-mixin-0.11.4+mixin.0.8.5.jar:0.11.4+mixin.0.8.5]
	at org.spongepowered.asm.mixin.transformer.MixinProcessor.select(MixinProcessor.java:462) ~[sponge-mixin-0.11.4+mixin.0.8.5.jar:0.11.4+mixin.0.8.5]
	at org.spongepowered.asm.mixin.transformer.MixinProcessor.checkSelect(MixinProcessor.java:438) ~[sponge-mixin-0.11.4+mixin.0.8.5.jar:0.11.4+mixin.0.8.5]
	at org.spongepowered.asm.mixin.transformer.MixinProcessor.applyMixins(MixinProcessor.java:290) ~[sponge-mixin-0.11.4+mixin.0.8.5.jar:0.11.4+mixin.0.8.5]
	at org.spongepowered.asm.mixin.transformer.MixinTransformer.transformClass(MixinTransformer.java:234) ~[sponge-mixin-0.11.4+mixin.0.8.5.jar:0.11.4+mixin.0.8.5]
	at org.spongepowered.asm.mixin.transformer.MixinTransformer.transformClassBytes(MixinTransformer.java:202) ~[sponge-mixin-0.11.4+mixin.0.8.5.jar:0.11.4+mixin.0.8.5]
	at net.fabricmc.loader.impl.launch.knot.KnotClassDelegate.getPostMixinClassByteArray(KnotClassDelegate.java:422) ~[fabric-loader-0.14.11.jar:?]
	... 8 more
Caused by: org.spongepowered.asm.mixin.transformer.throwables.InvalidMixinException: The specified mixin 'net.fabricmc.example.mixin.ToDoMixin' was not found
	at org.spongepowered.asm.mixin.transformer.MixinInfo.<init>(MixinInfo.java:865) ~[sponge-mixin-0.11.4+mixin.0.8.5.jar:0.11.4+mixin.0.8.5]
	at org.spongepowered.asm.mixin.transformer.MixinConfig.prepareMixins(MixinConfig.java:852) ~[sponge-mixin-0.11.4+mixin.0.8.5.jar:0.11.4+mixin.0.8.5]
	at org.spongepowered.asm.mixin.transformer.MixinConfig.prepare(MixinConfig.java:781) ~[sponge-mixin-0.11.4+mixin.0.8.5.jar:0.11.4+mixin.0.8.5]
	at org.spongepowered.asm.mixin.transformer.MixinProcessor.prepareConfigs(MixinProcessor.java:540) ~[sponge-mixin-0.11.4+mixin.0.8.5.jar:0.11.4+mixin.0.8.5]
	at org.spongepowered.asm.mixin.transformer.MixinProcessor.select(MixinProcessor.java:462) ~[sponge-mixin-0.11.4+mixin.0.8.5.jar:0.11.4+mixin.0.8.5]
	at org.spongepowered.asm.mixin.transformer.MixinProcessor.checkSelect(MixinProcessor.java:438) ~[sponge-mixin-0.11.4+mixin.0.8.5.jar:0.11.4+mixin.0.8.5]
	at org.spongepowered.asm.mixin.transformer.MixinProcessor.applyMixins(MixinProcessor.java:290) ~[sponge-mixin-0.11.4+mixin.0.8.5.jar:0.11.4+mixin.0.8.5]
	at org.spongepowered.asm.mixin.transformer.MixinTransformer.transformClass(MixinTransformer.java:234) ~[sponge-mixin-0.11.4+mixin.0.8.5.jar:0.11.4+mixin.0.8.5]
	at org.spongepowered.asm.mixin.transformer.MixinTransformer.transformClassBytes(MixinTransformer.java:202) ~[sponge-mixin-0.11.4+mixin.0.8.5.jar:0.11.4+mixin.0.8.5]
	at net.fabricmc.loader.impl.launch.knot.KnotClassDelegate.getPostMixinClassByteArray(KnotClassDelegate.java:422) ~[fabric-loader-0.14.11.jar:?]
	... 8 more
Caused by: java.lang.ClassNotFoundException: The specified mixin 'net.fabricmc.example.mixin.ToDoMixin' was not found
	at org.spongepowered.asm.mixin.transformer.MixinInfo.loadMixinClass(MixinInfo.java:1314) ~[sponge-mixin-0.11.4+mixin.0.8.5.jar:0.11.4+mixin.0.8.5]
	at org.spongepowered.asm.mixin.transformer.MixinInfo.<init>(MixinInfo.java:858) ~[sponge-mixin-0.11.4+mixin.0.8.5.jar:0.11.4+mixin.0.8.5]
	at org.spongepowered.asm.mixin.transformer.MixinConfig.prepareMixins(MixinConfig.java:852) ~[sponge-mixin-0.11.4+mixin.0.8.5.jar:0.11.4+mixin.0.8.5]
	at org.spongepowered.asm.mixin.transformer.MixinConfig.prepare(MixinConfig.java:781) ~[sponge-mixin-0.11.4+mixin.0.8.5.jar:0.11.4+mixin.0.8.5]
	at org.spongepowered.asm.mixin.transformer.MixinProcessor.prepareConfigs(MixinProcessor.java:540) ~[sponge-mixin-0.11.4+mixin.0.8.5.jar:0.11.4+mixin.0.8.5]
	at org.spongepowered.asm.mixin.transformer.MixinProcessor.select(MixinProcessor.java:462) ~[sponge-mixin-0.11.4+mixin.0.8.5.jar:0.11.4+mixin.0.8.5]
	at org.spongepowered.asm.mixin.transformer.MixinProcessor.checkSelect(MixinProcessor.java:438) ~[sponge-mixin-0.11.4+mixin.0.8.5.jar:0.11.4+mixin.0.8.5]
	at org.spongepowered.asm.mixin.transformer.MixinProcessor.applyMixins(MixinProcessor.java:290) ~[sponge-mixin-0.11.4+mixin.0.8.5.jar:0.11.4+mixin.0.8.5]
	at org.spongepowered.asm.mixin.transformer.MixinTransformer.transformClass(MixinTransformer.java:234) ~[sponge-mixin-0.11.4+mixin.0.8.5.jar:0.11.4+mixin.0.8.5]
	at org.spongepowered.asm.mixin.transformer.MixinTransformer.transformClassBytes(MixinTransformer.java:202) ~[sponge-mixin-0.11.4+mixin.0.8.5.jar:0.11.4+mixin.0.8.5]
	at net.fabricmc.loader.impl.launch.knot.KnotClassDelegate.getPostMixinClassByteArray(KnotClassDelegate.java:422) ~[fabric-loader-0.14.11.jar:?]
	... 8 more
