[15:59:24] [main/INFO] (FabricLoader/GameProvider) Loading Minecraft 1.19.3 with Fabric Loader 0.14.11
[15:59:24] [ForkJoinPool-1-worker-1/WARN] (FabricLoader/Metadata) Mod infernalwar uses the version ${version} which isn't compatible with Loader's extended semantic version format (Could not parse version number component '${version}'!), SemVer is recommended for reliably evaluating dependencies and prioritizing newer version
[15:59:24] [main/INFO] (FabricLoader) Loading 45 mods:
	- fabric-api 0.68.1+1.19.3
	- fabric-api-base 0.4.19+8d1895cf72
	- fabric-api-lookup-api-v1 1.6.18+49abcf7e72
	- fabric-biome-api-v1 12.0.0+689f5e7172
	- fabric-block-api-v1 1.0.3+12bfe4ea72
	- fabric-blockrenderlayer-v1 1.1.28+c6af733c72
	- fabric-client-tags-api-v1 1.0.9+49abcf7e72
	- fabric-command-api-v2 2.1.15+49abcf7e72
	- fabric-content-registries-v0 3.4.11+49abcf7e72
	- fabric-convention-tags-v1 1.1.9+2894d6df72
	- fabric-crash-report-info-v1 0.2.12+aeb40ebe72
	- fabric-data-generation-api-v1 11.0.1+65e415cb72
	- fabric-dimensions-v1 2.1.39+48349a3f72
	- fabric-entity-events-v1 1.5.5+b83334a072
	- fabric-events-interaction-v0 0.4.37+422b77fb72
	- fabric-game-rule-api-v1 1.0.28+2894d6df72
	- fabric-gametest-api-v1 1.1.13+12a01b0672
	- fabric-item-api-v1 2.1.4+fa25da9972
	- fabric-item-group-api-v1 2.1.6+b7096da872
	- fabric-key-binding-api-v1 1.0.28+aaaf9d3372
	- fabric-lifecycle-events-v1 2.2.8+2894d6df72
	- fabric-loot-api-v2 1.1.17+75e9821172
	- fabric-message-api-v1 5.0.12+6ede1da972
	- fabric-mining-level-api-v1 2.1.28+49abcf7e72
	- fabric-models-v0 0.3.25+11ba9c3b72
	- fabric-networking-api-v1 1.2.14+d9ac3c3972
	- fabric-object-builder-api-v1 5.1.6+49abcf7e72
	- fabric-particles-v1 1.0.18+fbde993d72
	- fabric-registry-sync-v0 2.0.1+2608564672
	- fabric-renderer-api-v1 2.1.0+2063beff72
	- fabric-renderer-indigo 0.6.23+11ba9c3b72
	- fabric-rendering-data-attachment-v1 0.3.23+48349a3f72
	- fabric-rendering-fluids-v1 3.0.16+3067f46372
	- fabric-rendering-v1 1.11.7+49abcf7e72
	- fabric-resource-conditions-api-v1 2.2.0+280be3ab72
	- fabric-resource-loader-v0 0.10.2+f6c919d672
	- fabric-screen-api-v1 1.0.38+8c84281072
	- fabric-screen-handler-api-v1 1.3.10+689f5e7172
	- fabric-sound-api-v1 1.0.6+75e9821172
	- fabric-transfer-api-v1 2.1.11+28ac448f72
	- fabric-transitive-access-wideners-v1 2.1.0+0efcd39b72
	- fabricloader 0.14.11
	- infernalwar ${version}
	- java 17
	- minecraft 1.19.3
[15:59:24] [main/INFO] (FabricLoader/Mixin) SpongePowered MIXIN Subsystem Version=0.8.5 Source=file:/Users/agoghparvate/.gradle/caches/modules-2/files-2.1/net.fabricmc/sponge-mixin/0.11.4+mixin.0.8.5/c1dc27696aa4006e492c2485c9ccbcb26045a971/sponge-mixin-0.11.4+mixin.0.8.5.jar Service=Knot/Fabric Env=CLIENT
[15:59:25] [main/INFO] (FabricLoader/Mixin) Loaded Fabric development mappings for mixin remapper!
[15:59:25] [main/INFO] (FabricLoader/Mixin) Compatibility level set to JAVA_17
[15:59:27] [main/WARN] (FileUtil) Configuration conflict: there is more than one oshi.properties file on the classpath: [jar:file:/Users/agoghparvate/.gradle/caches/modules-2/files-2.1/com.github.oshi/oshi-core/6.2.2/54f5efc19bca95d709d9a37d19ffcbba3d21c1a6/oshi-core-6.2.2.jar!/oshi.properties, jar:file:/Users/agoghparvate/.gradle/caches/modules-2/files-2.1/com.github.oshi/oshi-core/6.2.2/54f5efc19bca95d709d9a37d19ffcbba3d21c1a6/oshi-core-6.2.2.jar!/oshi.properties]
[15:59:28] [main/WARN] (FileUtil) Configuration conflict: there is more than one oshi.architecture.properties file on the classpath: [jar:file:/Users/agoghparvate/.gradle/caches/modules-2/files-2.1/com.github.oshi/oshi-core/6.2.2/54f5efc19bca95d709d9a37d19ffcbba3d21c1a6/oshi-core-6.2.2.jar!/oshi.architecture.properties, jar:file:/Users/agoghparvate/.gradle/caches/modules-2/files-2.1/com.github.oshi/oshi-core/6.2.2/54f5efc19bca95d709d9a37d19ffcbba3d21c1a6/oshi-core-6.2.2.jar!/oshi.architecture.properties]
[15:59:36] [main/INFO] (Minecraft) Building optimized datafixer
[15:59:52] [Render thread/INFO] (Minecraft) Environment: authHost='https://authserver.mojang.com', accountsHost='https://api.mojang.com', sessionHost='https://sessionserver.mojang.com', servicesHost='https://api.minecraftservices.com', name='PROD'
[15:59:55] [Render thread/ERROR] (fabric-screen-api-v1) Failed to verify authentication
com.mojang.authlib.exceptions.InvalidCredentialsException: Status: 401
	at com.mojang.authlib.exceptions.MinecraftClientHttpException.toAuthenticationException(MinecraftClientHttpException.java:56) ~[authlib-3.16.29.jar:?]
	at com.mojang.authlib.yggdrasil.YggdrasilUserApiService.fetchProperties(YggdrasilUserApiService.java:156) ~[authlib-3.16.29.jar:?]
	at com.mojang.authlib.yggdrasil.YggdrasilUserApiService.<init>(YggdrasilUserApiService.java:55) ~[authlib-3.16.29.jar:?]
	at com.mojang.authlib.yggdrasil.YggdrasilAuthenticationService.createUserApiService(YggdrasilAuthenticationService.java:161) ~[authlib-3.16.29.jar:?]
	at net.minecraft.client.MinecraftClient.createUserApiService(MinecraftClient.java:724) ~[minecraft-merged-project-root-1.19.3-net.fabricmc.yarn.1_19_3.1.19.3+build.1-v2.jar:?]
	at net.minecraft.client.MinecraftClient.<init>(MinecraftClient.java:437) ~[minecraft-merged-project-root-1.19.3-net.fabricmc.yarn.1_19_3.1.19.3+build.1-v2.jar:?]
	at net.minecraft.client.main.Main.main(Main.java:205) ~[minecraft-merged-project-root-1.19.3-net.fabricmc.yarn.1_19_3.1.19.3+build.1-v2.jar:?]
	at net.minecraft.client.main.Main.main(Main.java:51) ~[minecraft-merged-project-root-1.19.3-net.fabricmc.yarn.1_19_3.1.19.3+build.1-v2.jar:?]
	at net.fabricmc.loader.impl.game.minecraft.MinecraftGameProvider.launch(MinecraftGameProvider.java:461) ~[fabric-loader-0.14.11.jar:?]
	at net.fabricmc.loader.impl.launch.knot.Knot.launch(Knot.java:74) ~[fabric-loader-0.14.11.jar:?]
	at net.fabricmc.loader.impl.launch.knot.KnotClient.main(KnotClient.java:23) ~[fabric-loader-0.14.11.jar:?]
	at net.fabricmc.devlaunchinjector.Main.main(Main.java:86) ~[dev-launch-injector-0.2.1+build.8.jar:?]
Caused by: com.mojang.authlib.exceptions.MinecraftClientHttpException: Status: 401
	at com.mojang.authlib.minecraft.client.MinecraftClient.readInputStream(MinecraftClient.java:87) ~[authlib-3.16.29.jar:?]
	at com.mojang.authlib.minecraft.client.MinecraftClient.get(MinecraftClient.java:48) ~[authlib-3.16.29.jar:?]
	at com.mojang.authlib.yggdrasil.YggdrasilUserApiService.fetchProperties(YggdrasilUserApiService.java:129) ~[authlib-3.16.29.jar:?]
	... 10 more
[15:59:55] [Render thread/INFO] (fabric-screen-api-v1) Setting user: Player86
[15:59:57] [Render thread/INFO] (infernalwar) The Piglins will rise...
[15:59:58] [Render thread/INFO] (Indigo) [Indigo] Registering Indigo renderer!
[16:00:01] [Render thread/INFO] (fabric-screen-api-v1) Backend library: LWJGL version 3.3.1 SNAPSHOT
[16:00:11] [Render thread/INFO] (Minecraft) Reloading ResourceManager: vanilla, Fabric Mods (Fabric API, Fabric Sound API (v1), Fabric Resource Loader (v0), Fabric Game Test API (v1), Fabric BlockRenderLayer Registration (v1), Fabric Mining Level API (v1), Fabric Object Builder API (v1), Fabric Rendering Data Attachment (v1), Fabric API Lookup API (v1), Fabric Screen API (v1), Fabric Lifecycle Events (v1), Fabric Transitive Access Wideners (v1), Fabric Dimensions API (v1), Fabric Resource Conditions API (v1), Fabric Registry Sync (v0), Example Mod, Fabric Loot API (v2), Fabric Events Interaction (v0), Fabric Rendering (v1), Fabric Rendering Fluids (v1), Fabric Item API (v1), Fabric Message API (v1), Fabric Biome API (v1), Fabric Entity Events (v1), Fabric Renderer - Indigo, Fabric Crash Report Info (v1), Fabric Renderer API (v1), Fabric Content Registries (v0), Fabric Convention Tags, Fabric Client Tags, Fabric Item Group API (v1), Fabric Command API (v2), Fabric API Base, Fabric Loader, Fabric Key Binding API (v1), Fabric Networking API (v1), Fabric Models (v0), Fabric Game Rule API (v1), Fabric Transfer API (v1), Fabric Particles (v1), Fabric Screen Handler API (v1), Fabric Data Generation API (v1))
[16:00:15] [Realms Notification Availability checker #1/INFO] (Minecraft) Could not authorize you against Realms server: Invalid session id
[16:00:28] [Render thread/WARN] (Minecraft) Missing sound for event: minecraft:item.goat_horn.play
[16:00:29] [Render thread/WARN] (Minecraft) Missing sound for event: minecraft:entity.goat.screaming.horn_break
[16:00:29] [Render thread/INFO] (Minecraft) OpenAL initialized on device CoreAudio Default
[16:00:29] [Render thread/INFO] (Minecraft) Sound engine started
[16:00:30] [Render thread/INFO] (Minecraft) Created: 1024x1024x4 minecraft:textures/atlas/blocks.png-atlas
[16:00:30] [Render thread/INFO] (Minecraft) Created: 512x256x4 minecraft:textures/atlas/signs.png-atlas
[16:00:30] [Render thread/INFO] (Minecraft) Created: 1024x512x4 minecraft:textures/atlas/shield_patterns.png-atlas
[16:00:30] [Render thread/INFO] (Minecraft) Created: 1024x512x4 minecraft:textures/atlas/banner_patterns.png-atlas
[16:00:30] [Render thread/INFO] (Minecraft) Created: 256x256x4 minecraft:textures/atlas/chest.png-atlas
[16:00:30] [Render thread/INFO] (Minecraft) Created: 512x256x4 minecraft:textures/atlas/beds.png-atlas
[16:00:30] [Render thread/INFO] (Minecraft) Created: 512x256x4 minecraft:textures/atlas/shulker_boxes.png-atlas
[16:00:34] [Render thread/WARN] (Minecraft) Shader rendertype_entity_translucent_emissive could not find sampler named Sampler2 in the specified shader program.
[16:00:35] [Render thread/INFO] (Minecraft) Created: 512x256x0 minecraft:textures/atlas/particles.png-atlas
[16:00:35] [Render thread/INFO] (Minecraft) Created: 256x256x0 minecraft:textures/atlas/paintings.png-atlas
[16:00:35] [Render thread/INFO] (Minecraft) Created: 256x128x0 minecraft:textures/atlas/mob_effects.png-atlas
[16:01:05] [Render thread/INFO] (Minecraft) Deleting level New World (1)
[16:01:05] [Render thread/INFO] (Minecraft) Attempt 1...
[16:01:19] [Render thread/INFO] (Minecraft) Loaded 7 recipes
[16:01:21] [Render thread/INFO] (Minecraft) Loaded 1179 advancements
[16:01:24] [Render thread/INFO] (BiomeModificationImpl) Applied 0 biome modifications to 0 of 63 new biomes in 27.04 ms
[16:01:24] [Server thread/INFO] (Minecraft) Starting integrated minecraft server version 1.19.3
[16:01:24] [Server thread/INFO] (Minecraft) Generating keypair
[16:01:27] [Server thread/INFO] (Minecraft) Preparing start region for dimension minecraft:overworld
[16:01:41] [Render thread/INFO] (Minecraft) Preparing spawn area: 0%
[16:01:41] [Render thread/INFO] (Minecraft) Preparing spawn area: 0%
[16:01:41] [Render thread/INFO] (Minecraft) Preparing spawn area: 0%
[16:01:41] [Render thread/INFO] (Minecraft) Preparing spawn area: 0%
[16:01:41] [Render thread/INFO] (Minecraft) Preparing spawn area: 0%
[16:01:41] [Render thread/INFO] (Minecraft) Preparing spawn area: 0%
[16:01:41] [Render thread/INFO] (Minecraft) Preparing spawn area: 0%
[16:01:41] [Render thread/INFO] (Minecraft) Preparing spawn area: 0%
[16:01:41] [Render thread/INFO] (Minecraft) Preparing spawn area: 0%
[16:01:41] [Render thread/INFO] (Minecraft) Preparing spawn area: 0%
[16:01:41] [Render thread/INFO] (Minecraft) Preparing spawn area: 0%
[16:01:41] [Render thread/INFO] (Minecraft) Preparing spawn area: 0%
[16:01:41] [Render thread/INFO] (Minecraft) Preparing spawn area: 0%
[16:01:41] [Render thread/INFO] (Minecraft) Preparing spawn area: 0%
[16:01:41] [Render thread/INFO] (Minecraft) Preparing spawn area: 0%
[16:01:41] [Render thread/INFO] (Minecraft) Preparing spawn area: 0%
[16:01:41] [Render thread/INFO] (Minecraft) Preparing spawn area: 0%
[16:01:41] [Render thread/INFO] (Minecraft) Preparing spawn area: 0%
[16:01:41] [Render thread/INFO] (Minecraft) Preparing spawn area: 0%
[16:01:41] [Render thread/INFO] (Minecraft) Preparing spawn area: 0%
[16:01:41] [Render thread/INFO] (Minecraft) Preparing spawn area: 0%
[16:01:41] [Render thread/INFO] (Minecraft) Preparing spawn area: 0%
[16:01:41] [Render thread/INFO] (Minecraft) Preparing spawn area: 0%
[16:01:41] [Render thread/INFO] (Minecraft) Preparing spawn area: 0%
[16:01:41] [Render thread/INFO] (Minecraft) Preparing spawn area: 0%
[16:01:41] [Render thread/INFO] (Minecraft) Preparing spawn area: 0%
[16:01:41] [Render thread/INFO] (Minecraft) Preparing spawn area: 0%
[16:01:41] [Render thread/INFO] (Minecraft) Preparing spawn area: 0%
[16:01:41] [Render thread/INFO] (Minecraft) Preparing spawn area: 0%
[16:01:41] [Render thread/INFO] (Minecraft) Preparing spawn area: 0%
[16:01:42] [Render thread/INFO] (Minecraft) Preparing spawn area: 0%
[16:01:43] [Render thread/INFO] (Minecraft) Preparing spawn area: 0%
[16:01:43] [Render thread/INFO] (Minecraft) Preparing spawn area: 0%
[16:01:43] [Render thread/INFO] (Minecraft) Preparing spawn area: 0%
[16:01:44] [Render thread/INFO] (Minecraft) Preparing spawn area: 15%
[16:01:49] [Render thread/INFO] (Minecraft) Preparing spawn area: 25%
[16:01:49] [Render thread/INFO] (Minecraft) Preparing spawn area: 25%
[16:01:49] [Render thread/INFO] (Minecraft) Preparing spawn area: 25%
[16:01:49] [Render thread/INFO] (Minecraft) Preparing spawn area: 25%
[16:01:49] [Render thread/INFO] (Minecraft) Preparing spawn area: 25%
[16:01:49] [Render thread/INFO] (Minecraft) Preparing spawn area: 25%
[16:01:49] [Render thread/INFO] (Minecraft) Preparing spawn area: 25%
[16:01:49] [Render thread/INFO] (Minecraft) Preparing spawn area: 25%
[16:01:49] [Render thread/INFO] (Minecraft) Preparing spawn area: 25%
[16:01:49] [Render thread/INFO] (Minecraft) Preparing spawn area: 26%
[16:01:49] [Render thread/INFO] (Minecraft) Preparing spawn area: 26%
[16:01:50] [Render thread/INFO] (Minecraft) Preparing spawn area: 26%
[16:01:50] [Render thread/INFO] (Minecraft) Preparing spawn area: 26%
[16:01:51] [Render thread/INFO] (Minecraft) Preparing spawn area: 29%
[16:01:51] [Render thread/INFO] (Minecraft) Preparing spawn area: 29%
[16:01:52] [Worker-Bootstrap-7/INFO] (Minecraft) 4445 Datafixer optimizations took 136019 milliseconds
[16:01:53] [Render thread/INFO] (Minecraft) Preparing spawn area: 68%
[16:01:53] [Render thread/INFO] (Minecraft) Preparing spawn area: 68%
[16:01:53] [Render thread/INFO] (Minecraft) Preparing spawn area: 69%
[16:01:54] [Render thread/INFO] (Minecraft) Preparing spawn area: 71%
[16:01:54] [Render thread/INFO] (Minecraft) Preparing spawn area: 72%
[16:01:55] [Render thread/INFO] (Minecraft) Preparing spawn area: 85%
[16:01:55] [Render thread/INFO] (Minecraft) Preparing spawn area: 85%
[16:01:55] [Render thread/INFO] (Minecraft) Preparing spawn area: 85%
[16:01:56] [Render thread/INFO] (Minecraft) Preparing spawn area: 85%
[16:01:57] [Render thread/INFO] (Minecraft) Preparing spawn area: 85%
[16:01:57] [Render thread/INFO] (Minecraft) Preparing spawn area: 85%
[16:01:57] [Render thread/INFO] (Minecraft) Preparing spawn area: 94%
[16:01:58] [Render thread/INFO] (Minecraft) Preparing spawn area: 99%
[16:01:58] [Render thread/INFO] (Minecraft) Time elapsed: 31069 ms
[16:01:58] [Server thread/INFO] (Minecraft) Changing view distance to 12, from 10
[16:01:58] [Server thread/INFO] (Minecraft) Changing simulation distance to 12, from 0
[16:02:00] [Server thread/INFO] (Minecraft) Player86[local:E:187d91f2] logged in with entity id 72 at (-50.69999998807907, 62.0, -68.30529112173522)
[16:02:00] [Server thread/INFO] (Minecraft) Player86 joined the game
[16:02:00] [Server thread/WARN] (Minecraft) Can't keep up! Is the server overloaded? Running 2460ms or 49 ticks behind
[16:02:03] [Render thread/INFO] (Minecraft) Loaded 0 advancements
[16:02:08] [Server thread/INFO] (Minecraft) Saving and pausing game...
[16:02:08] [Server thread/INFO] (Minecraft) Saving chunks for level 'ServerLevel[New World]'/minecraft:overworld
[16:02:12] [Server thread/INFO] (Minecraft) Saving chunks for level 'ServerLevel[New World]'/minecraft:the_nether
[16:02:12] [Server thread/INFO] (Minecraft) Saving chunks for level 'ServerLevel[New World]'/minecraft:the_end
[16:02:20] [Server thread/WARN] (Minecraft) Can't keep up! Is the server overloaded? Running 2266ms or 45 ticks behind
[16:02:30] [Server thread/INFO] (Minecraft) Player86 has made the advancement [Monster Hunter]
[16:02:30] [Render thread/INFO] (Minecraft) [System] [CHAT] Player86 has made the advancement [Monster Hunter]
[16:02:30] [Render thread/INFO] (Minecraft) Loaded 26 advancements
[16:02:46] [Server thread/WARN] (Minecraft) Can't keep up! Is the server overloaded? Running 2012ms or 40 ticks behind
[16:03:30] [Render thread/INFO] (Minecraft) Loaded 29 advancements
[16:04:45] [Server thread/INFO] (Minecraft) Player86 has reached the goal [Sky's the Limit]
[16:04:45] [Render thread/INFO] (Minecraft) [System] [CHAT] Player86 has reached the goal [Sky's the Limit]
[16:04:45] [Render thread/INFO] (Minecraft) Loaded 34 advancements
[16:06:05] [Server thread/INFO] (Minecraft) Saving and pausing game...
[16:06:05] [Server thread/INFO] (Minecraft) Saving chunks for level 'ServerLevel[New World]'/minecraft:overworld
[16:06:05] [Server thread/INFO] (Minecraft) Saving chunks for level 'ServerLevel[New World]'/minecraft:the_nether
[16:06:05] [Server thread/INFO] (Minecraft) Saving chunks for level 'ServerLevel[New World]'/minecraft:the_end
